Change Component Comment : Designator=R150 Old Comment=82 New Comment=100
Change Component Comment : Designator=R157 Old Comment=82 New Comment=100
Change Component Designator: OldDesignator=R157 NewDesignator=R62
Change component parameters: Designator = "R38"; Footprint = "R 0805(2012)"; UniqueID = "\BVUEXSFK\EYOUQTYO"
Change component parameters. Clean all parameters for all variants
Change component parameters (AddParameter): Name = "Case"; Value = "0805"; VariantName = "[No Variations]"
Change component parameters (AddParameter): Name = "Category"; Value = "0805 SMD Resistors"; VariantName = "[No Variations]"
Change component parameters (AddParameter): Name = "ComponentLink1Description"; Value = "http://static.tme.eu/products_pics/6/6/c/66cc5cd64257edd80ca8e9fd2040972d/56038.jpg"; VariantName = "[No Variations]"
Change component parameters (AddParameter): Name = "ComponentLink1URL"; Value = "http://static.tme.eu/products_pics/6/6/c/66cc5cd64257edd80ca8e9fd2040972d/56038.jpg"; VariantName = "[No Variations]"
Change component parameters (AddParameter): Name = "Manufacturer"; Value = "YAGEO"; VariantName = "[No Variations]"
Change component parameters (AddParameter): Name = "Manufacturer Part Number"; Value = "RC0805JR-07330RL"; VariantName = "[No Variations]"
Change component parameters (AddParameter): Name = "Max. operating voltage"; Value = "150V"; VariantName = "[No Variations]"
Change component parameters (AddParameter): Name = "Max. overload voltage"; Value = "300V"; VariantName = "[No Variations]"
Change component parameters (AddParameter): Name = "MinAmount"; Value = "100"; VariantName = "[No Variations]"
Change component parameters (AddParameter): Name = "Mounting"; Value = "SMD"; VariantName = "[No Variations]"
Change component parameters (AddParameter): Name = "Multiples"; Value = "100"; VariantName = "[No Variations]"
Change component parameters (AddParameter): Name = "Operating temperature"; Value = "-55...155°C"; VariantName = "[No Variations]"
Change component parameters (AddParameter): Name = "Power"; Value = "0.125W"; VariantName = "[No Variations]"
Change component parameters (AddParameter): Name = "Price Type"; Value = "NET"; VariantName = "[No Variations]"
Change component parameters (AddParameter): Name = "Pricing 1"; Value = "100=0.00553, 1000=0.00332, 5000=0.00109, 15000=0.001, 50000=0.00086 (EUR)"; VariantName = "[No Variations]"
Change component parameters (AddParameter): Name = "Resistance"; Value = "330O"; VariantName = "[No Variations]"
Change component parameters (AddParameter): Name = "Resistor type"; Value = "thick film"; VariantName = "[No Variations]"
Change component parameters (AddParameter): Name = "Stock 1"; Value = "0"; VariantName = "[No Variations]"
Change component parameters (AddParameter): Name = "SuppliedAmount"; Value = "0"; VariantName = "[No Variations]"
Change component parameters (AddParameter): Name = "Supplier 1"; Value = "TME"; VariantName = "[No Variations]"
Change component parameters (AddParameter): Name = "Supplier Part Number 1"; Value = "RC0805JR-07330R"; VariantName = "[No Variations]"
Change component parameters (AddParameter): Name = "Tolerance"; Value = "±5%"; VariantName = "[No Variations]"
Change component parameters (AddParameter): Name = "Unit"; Value = "pcs"; VariantName = "[No Variations]"
Change component parameters (AddParameter): Name = "Weight"; Value = "0.027"; VariantName = "[No Variations]"
Change component parameters: Designator = "R49"; Footprint = "R 0805(2012)"; UniqueID = "\OCXSBQBR\DGGHBJTP"
Change component parameters. Clean all parameters for all variants
Change component parameters (AddParameter): Name = "Case"; Value = "0805"; VariantName = "[No Variations]"
Change component parameters (AddParameter): Name = "Category"; Value = "0805 SMD Resistors"; VariantName = "[No Variations]"
Change component parameters (AddParameter): Name = "ComponentLink1Description"; Value = "http://static.tme.eu/products_pics/6/6/c/66cc5cd64257edd80ca8e9fd2040972d/56038.jpg"; VariantName = "[No Variations]"
Change component parameters (AddParameter): Name = "ComponentLink1URL"; Value = "http://static.tme.eu/products_pics/6/6/c/66cc5cd64257edd80ca8e9fd2040972d/56038.jpg"; VariantName = "[No Variations]"
Change component parameters (AddParameter): Name = "Manufacturer"; Value = "YAGEO"; VariantName = "[No Variations]"
Change component parameters (AddParameter): Name = "Manufacturer Part Number"; Value = "RC0805JR-07330RL"; VariantName = "[No Variations]"
Change component parameters (AddParameter): Name = "Max. operating voltage"; Value = "150V"; VariantName = "[No Variations]"
Change component parameters (AddParameter): Name = "Max. overload voltage"; Value = "300V"; VariantName = "[No Variations]"
Change component parameters (AddParameter): Name = "MinAmount"; Value = "100"; VariantName = "[No Variations]"
Change component parameters (AddParameter): Name = "Mounting"; Value = "SMD"; VariantName = "[No Variations]"
Change component parameters (AddParameter): Name = "Multiples"; Value = "100"; VariantName = "[No Variations]"
Change component parameters (AddParameter): Name = "Operating temperature"; Value = "-55...155°C"; VariantName = "[No Variations]"
Change component parameters (AddParameter): Name = "Power"; Value = "0.125W"; VariantName = "[No Variations]"
Change component parameters (AddParameter): Name = "Price Type"; Value = "NET"; VariantName = "[No Variations]"
Change component parameters (AddParameter): Name = "Pricing 1"; Value = "100=0.00553, 1000=0.00332, 5000=0.00109, 15000=0.001, 50000=0.00086 (EUR)"; VariantName = "[No Variations]"
Change component parameters (AddParameter): Name = "Resistance"; Value = "330O"; VariantName = "[No Variations]"
Change component parameters (AddParameter): Name = "Resistor type"; Value = "thick film"; VariantName = "[No Variations]"
Change component parameters (AddParameter): Name = "Stock 1"; Value = "0"; VariantName = "[No Variations]"
Change component parameters (AddParameter): Name = "SuppliedAmount"; Value = "0"; VariantName = "[No Variations]"
Change component parameters (AddParameter): Name = "Supplier 1"; Value = "TME"; VariantName = "[No Variations]"
Change component parameters (AddParameter): Name = "Supplier Part Number 1"; Value = "RC0805JR-07330R"; VariantName = "[No Variations]"
Change component parameters (AddParameter): Name = "Tolerance"; Value = "±5%"; VariantName = "[No Variations]"
Change component parameters (AddParameter): Name = "Unit"; Value = "pcs"; VariantName = "[No Variations]"
Change component parameters (AddParameter): Name = "Weight"; Value = "0.027"; VariantName = "[No Variations]"
Change component parameters: Designator = "R54"; Footprint = "R 0805(2012)"; UniqueID = "\OCXSBQBR\UHXHAAGD"
Change component parameters. Clean all parameters for all variants
Change component parameters (AddParameter): Name = "Case"; Value = "0805"; VariantName = "[No Variations]"
Change component parameters (AddParameter): Name = "Category"; Value = "0805 SMD Resistors"; VariantName = "[No Variations]"
Change component parameters (AddParameter): Name = "ComponentLink1Description"; Value = "http://static.tme.eu/products_pics/6/6/c/66cc5cd64257edd80ca8e9fd2040972d/56038.jpg"; VariantName = "[No Variations]"
Change component parameters (AddParameter): Name = "ComponentLink1URL"; Value = "http://static.tme.eu/products_pics/6/6/c/66cc5cd64257edd80ca8e9fd2040972d/56038.jpg"; VariantName = "[No Variations]"
Change component parameters (AddParameter): Name = "Manufacturer"; Value = "YAGEO"; VariantName = "[No Variations]"
Change component parameters (AddParameter): Name = "Manufacturer Part Number"; Value = "RC0805JR-07330RL"; VariantName = "[No Variations]"
Change component parameters (AddParameter): Name = "Max. operating voltage"; Value = "150V"; VariantName = "[No Variations]"
Change component parameters (AddParameter): Name = "Max. overload voltage"; Value = "300V"; VariantName = "[No Variations]"
Change component parameters (AddParameter): Name = "MinAmount"; Value = "100"; VariantName = "[No Variations]"
Change component parameters (AddParameter): Name = "Mounting"; Value = "SMD"; VariantName = "[No Variations]"
Change component parameters (AddParameter): Name = "Multiples"; Value = "100"; VariantName = "[No Variations]"
Change component parameters (AddParameter): Name = "Operating temperature"; Value = "-55...155°C"; VariantName = "[No Variations]"
Change component parameters (AddParameter): Name = "Power"; Value = "0.125W"; VariantName = "[No Variations]"
Change component parameters (AddParameter): Name = "Price Type"; Value = "NET"; VariantName = "[No Variations]"
Change component parameters (AddParameter): Name = "Pricing 1"; Value = "100=0.00553, 1000=0.00332, 5000=0.00109, 15000=0.001, 50000=0.00086 (EUR)"; VariantName = "[No Variations]"
Change component parameters (AddParameter): Name = "Resistance"; Value = "330O"; VariantName = "[No Variations]"
Change component parameters (AddParameter): Name = "Resistor type"; Value = "thick film"; VariantName = "[No Variations]"
Change component parameters (AddParameter): Name = "Stock 1"; Value = "0"; VariantName = "[No Variations]"
Change component parameters (AddParameter): Name = "SuppliedAmount"; Value = "0"; VariantName = "[No Variations]"
Change component parameters (AddParameter): Name = "Supplier 1"; Value = "TME"; VariantName = "[No Variations]"
Change component parameters (AddParameter): Name = "Supplier Part Number 1"; Value = "RC0805JR-07330R"; VariantName = "[No Variations]"
Change component parameters (AddParameter): Name = "Tolerance"; Value = "±5%"; VariantName = "[No Variations]"
Change component parameters (AddParameter): Name = "Unit"; Value = "pcs"; VariantName = "[No Variations]"
Change component parameters (AddParameter): Name = "Weight"; Value = "0.027"; VariantName = "[No Variations]"
Change component parameters: Designator = "R65"; Footprint = "R 0805(2012)"; UniqueID = "\LMBOJOMC\TMEAWMAG"
Change component parameters. Clean all parameters for all variants
Change component parameters (AddParameter): Name = "Case"; Value = "0805"; VariantName = "[No Variations]"
Change component parameters (AddParameter): Name = "Category"; Value = "0805 SMD Resistors"; VariantName = "[No Variations]"
Change component parameters (AddParameter): Name = "ComponentLink1Description"; Value = "http://static.tme.eu/products_pics/6/6/c/66cc5cd64257edd80ca8e9fd2040972d/56038.jpg"; VariantName = "[No Variations]"
Change component parameters (AddParameter): Name = "ComponentLink1URL"; Value = "http://static.tme.eu/products_pics/6/6/c/66cc5cd64257edd80ca8e9fd2040972d/56038.jpg"; VariantName = "[No Variations]"
Change component parameters (AddParameter): Name = "Manufacturer"; Value = "YAGEO"; VariantName = "[No Variations]"
Change component parameters (AddParameter): Name = "Manufacturer Part Number"; Value = "RC0805JR-07330RL"; VariantName = "[No Variations]"
Change component parameters (AddParameter): Name = "Max. operating voltage"; Value = "150V"; VariantName = "[No Variations]"
Change component parameters (AddParameter): Name = "Max. overload voltage"; Value = "300V"; VariantName = "[No Variations]"
Change component parameters (AddParameter): Name = "MinAmount"; Value = "100"; VariantName = "[No Variations]"
Change component parameters (AddParameter): Name = "Mounting"; Value = "SMD"; VariantName = "[No Variations]"
Change component parameters (AddParameter): Name = "Multiples"; Value = "100"; VariantName = "[No Variations]"
Change component parameters (AddParameter): Name = "Operating temperature"; Value = "-55...155°C"; VariantName = "[No Variations]"
Change component parameters (AddParameter): Name = "Power"; Value = "0.125W"; VariantName = "[No Variations]"
Change component parameters (AddParameter): Name = "Price Type"; Value = "NET"; VariantName = "[No Variations]"
Change component parameters (AddParameter): Name = "Pricing 1"; Value = "100=0.00553, 1000=0.00332, 5000=0.00109, 15000=0.001, 50000=0.00086 (EUR)"; VariantName = "[No Variations]"
Change component parameters (AddParameter): Name = "Resistance"; Value = "330O"; VariantName = "[No Variations]"
Change component parameters (AddParameter): Name = "Resistor type"; Value = "thick film"; VariantName = "[No Variations]"
Change component parameters (AddParameter): Name = "Stock 1"; Value = "0"; VariantName = "[No Variations]"
Change component parameters (AddParameter): Name = "SuppliedAmount"; Value = "0"; VariantName = "[No Variations]"
Change component parameters (AddParameter): Name = "Supplier 1"; Value = "TME"; VariantName = "[No Variations]"
Change component parameters (AddParameter): Name = "Supplier Part Number 1"; Value = "RC0805JR-07330R"; VariantName = "[No Variations]"
Change component parameters (AddParameter): Name = "Tolerance"; Value = "±5%"; VariantName = "[No Variations]"
Change component parameters (AddParameter): Name = "Unit"; Value = "pcs"; VariantName = "[No Variations]"
Change component parameters (AddParameter): Name = "Weight"; Value = "0.027"; VariantName = "[No Variations]"
Change component parameters: Designator = "R151"; Footprint = "R 0805(2012)"; UniqueID = "\IDVCZODY\AWKFTEMZ"
Change component parameters. Clean all parameters for all variants
Change component parameters (AddParameter): Name = "Case"; Value = "0805"; VariantName = "[No Variations]"
Change component parameters (AddParameter): Name = "Category"; Value = "0805 SMD Resistors"; VariantName = "[No Variations]"
Change component parameters (AddParameter): Name = "ComponentLink1Description"; Value = "http://static.tme.eu/products_pics/6/6/c/66cc5cd64257edd80ca8e9fd2040972d/56038.jpg"; VariantName = "[No Variations]"
Change component parameters (AddParameter): Name = "ComponentLink1URL"; Value = "http://static.tme.eu/products_pics/6/6/c/66cc5cd64257edd80ca8e9fd2040972d/56038.jpg"; VariantName = "[No Variations]"
Change component parameters (AddParameter): Name = "Manufacturer"; Value = "YAGEO"; VariantName = "[No Variations]"
Change component parameters (AddParameter): Name = "Manufacturer Part Number"; Value = "RC0805JR-07330RL"; VariantName = "[No Variations]"
Change component parameters (AddParameter): Name = "Max. operating voltage"; Value = "150V"; VariantName = "[No Variations]"
Change component parameters (AddParameter): Name = "Max. overload voltage"; Value = "300V"; VariantName = "[No Variations]"
Change component parameters (AddParameter): Name = "MinAmount"; Value = "100"; VariantName = "[No Variations]"
Change component parameters (AddParameter): Name = "Mounting"; Value = "SMD"; VariantName = "[No Variations]"
Change component parameters (AddParameter): Name = "Multiples"; Value = "100"; VariantName = "[No Variations]"
Change component parameters (AddParameter): Name = "Operating temperature"; Value = "-55...155°C"; VariantName = "[No Variations]"
Change component parameters (AddParameter): Name = "Power"; Value = "0.125W"; VariantName = "[No Variations]"
Change component parameters (AddParameter): Name = "Price Type"; Value = "NET"; VariantName = "[No Variations]"
Change component parameters (AddParameter): Name = "Pricing 1"; Value = "100=0.00553, 1000=0.00332, 5000=0.00109, 15000=0.001, 50000=0.00086 (EUR)"; VariantName = "[No Variations]"
Change component parameters (AddParameter): Name = "Resistance"; Value = "330O"; VariantName = "[No Variations]"
Change component parameters (AddParameter): Name = "Resistor type"; Value = "thick film"; VariantName = "[No Variations]"
Change component parameters (AddParameter): Name = "Stock 1"; Value = "0"; VariantName = "[No Variations]"
Change component parameters (AddParameter): Name = "SuppliedAmount"; Value = "0"; VariantName = "[No Variations]"
Change component parameters (AddParameter): Name = "Supplier 1"; Value = "TME"; VariantName = "[No Variations]"
Change component parameters (AddParameter): Name = "Supplier Part Number 1"; Value = "RC0805JR-07330R"; VariantName = "[No Variations]"
Change component parameters (AddParameter): Name = "Tolerance"; Value = "±5%"; VariantName = "[No Variations]"
Change component parameters (AddParameter): Name = "Unit"; Value = "pcs"; VariantName = "[No Variations]"
Change component parameters (AddParameter): Name = "Weight"; Value = "0.027"; VariantName = "[No Variations]"
Change component parameters: Designator = "R152"; Footprint = "R 0805(2012)"; UniqueID = "\IDVCZODY\FPDCLMJV"
Change component parameters. Clean all parameters for all variants
Change component parameters (AddParameter): Name = "Case"; Value = "0805"; VariantName = "[No Variations]"
Change component parameters (AddParameter): Name = "Category"; Value = "0805 SMD Resistors"; VariantName = "[No Variations]"
Change component parameters (AddParameter): Name = "ComponentLink1Description"; Value = "http://static.tme.eu/products_pics/6/6/c/66cc5cd64257edd80ca8e9fd2040972d/56038.jpg"; VariantName = "[No Variations]"
Change component parameters (AddParameter): Name = "ComponentLink1URL"; Value = "http://static.tme.eu/products_pics/6/6/c/66cc5cd64257edd80ca8e9fd2040972d/56038.jpg"; VariantName = "[No Variations]"
Change component parameters (AddParameter): Name = "Manufacturer"; Value = "YAGEO"; VariantName = "[No Variations]"
Change component parameters (AddParameter): Name = "Manufacturer Part Number"; Value = "RC0805JR-07330RL"; VariantName = "[No Variations]"
Change component parameters (AddParameter): Name = "Max. operating voltage"; Value = "150V"; VariantName = "[No Variations]"
Change component parameters (AddParameter): Name = "Max. overload voltage"; Value = "300V"; VariantName = "[No Variations]"
Change component parameters (AddParameter): Name = "MinAmount"; Value = "100"; VariantName = "[No Variations]"
Change component parameters (AddParameter): Name = "Mounting"; Value = "SMD"; VariantName = "[No Variations]"
Change component parameters (AddParameter): Name = "Multiples"; Value = "100"; VariantName = "[No Variations]"
Change component parameters (AddParameter): Name = "Operating temperature"; Value = "-55...155°C"; VariantName = "[No Variations]"
Change component parameters (AddParameter): Name = "Power"; Value = "0.125W"; VariantName = "[No Variations]"
Change component parameters (AddParameter): Name = "Price Type"; Value = "NET"; VariantName = "[No Variations]"
Change component parameters (AddParameter): Name = "Pricing 1"; Value = "100=0.00553, 1000=0.00332, 5000=0.00109, 15000=0.001, 50000=0.00086 (EUR)"; VariantName = "[No Variations]"
Change component parameters (AddParameter): Name = "Resistance"; Value = "330O"; VariantName = "[No Variations]"
Change component parameters (AddParameter): Name = "Resistor type"; Value = "thick film"; VariantName = "[No Variations]"
Change component parameters (AddParameter): Name = "Stock 1"; Value = "0"; VariantName = "[No Variations]"
Change component parameters (AddParameter): Name = "SuppliedAmount"; Value = "0"; VariantName = "[No Variations]"
Change component parameters (AddParameter): Name = "Supplier 1"; Value = "TME"; VariantName = "[No Variations]"
Change component parameters (AddParameter): Name = "Supplier Part Number 1"; Value = "RC0805JR-07330R"; VariantName = "[No Variations]"
Change component parameters (AddParameter): Name = "Tolerance"; Value = "±5%"; VariantName = "[No Variations]"
Change component parameters (AddParameter): Name = "Unit"; Value = "pcs"; VariantName = "[No Variations]"
Change component parameters (AddParameter): Name = "Weight"; Value = "0.027"; VariantName = "[No Variations]"
Change component parameters: Designator = "R158"; Footprint = "R 0805(2012)"; UniqueID = "\IDVCZODY\NJGWLXBY"
Change component parameters. Clean all parameters for all variants
Change component parameters (AddParameter): Name = "Case"; Value = "0805"; VariantName = "[No Variations]"
Change component parameters (AddParameter): Name = "Category"; Value = "0805 SMD Resistors"; VariantName = "[No Variations]"
Change component parameters (AddParameter): Name = "ComponentLink1Description"; Value = "http://static.tme.eu/products_pics/6/6/c/66cc5cd64257edd80ca8e9fd2040972d/56038.jpg"; VariantName = "[No Variations]"
Change component parameters (AddParameter): Name = "ComponentLink1URL"; Value = "http://static.tme.eu/products_pics/6/6/c/66cc5cd64257edd80ca8e9fd2040972d/56038.jpg"; VariantName = "[No Variations]"
Change component parameters (AddParameter): Name = "Manufacturer"; Value = "YAGEO"; VariantName = "[No Variations]"
Change component parameters (AddParameter): Name = "Manufacturer Part Number"; Value = "RC0805JR-07330RL"; VariantName = "[No Variations]"
Change component parameters (AddParameter): Name = "Max. operating voltage"; Value = "150V"; VariantName = "[No Variations]"
Change component parameters (AddParameter): Name = "Max. overload voltage"; Value = "300V"; VariantName = "[No Variations]"
Change component parameters (AddParameter): Name = "MinAmount"; Value = "100"; VariantName = "[No Variations]"
Change component parameters (AddParameter): Name = "Mounting"; Value = "SMD"; VariantName = "[No Variations]"
Change component parameters (AddParameter): Name = "Multiples"; Value = "100"; VariantName = "[No Variations]"
Change component parameters (AddParameter): Name = "Operating temperature"; Value = "-55...155°C"; VariantName = "[No Variations]"
Change component parameters (AddParameter): Name = "Power"; Value = "0.125W"; VariantName = "[No Variations]"
Change component parameters (AddParameter): Name = "Price Type"; Value = "NET"; VariantName = "[No Variations]"
Change component parameters (AddParameter): Name = "Pricing 1"; Value = "100=0.00553, 1000=0.00332, 5000=0.00109, 15000=0.001, 50000=0.00086 (EUR)"; VariantName = "[No Variations]"
Change component parameters (AddParameter): Name = "Resistance"; Value = "330O"; VariantName = "[No Variations]"
Change component parameters (AddParameter): Name = "Resistor type"; Value = "thick film"; VariantName = "[No Variations]"
Change component parameters (AddParameter): Name = "Stock 1"; Value = "0"; VariantName = "[No Variations]"
Change component parameters (AddParameter): Name = "SuppliedAmount"; Value = "0"; VariantName = "[No Variations]"
Change component parameters (AddParameter): Name = "Supplier 1"; Value = "TME"; VariantName = "[No Variations]"
Change component parameters (AddParameter): Name = "Supplier Part Number 1"; Value = "RC0805JR-07330R"; VariantName = "[No Variations]"
Change component parameters (AddParameter): Name = "Tolerance"; Value = "±5%"; VariantName = "[No Variations]"
Change component parameters (AddParameter): Name = "Unit"; Value = "pcs"; VariantName = "[No Variations]"
Change component parameters (AddParameter): Name = "Weight"; Value = "0.027"; VariantName = "[No Variations]"
Change component parameters: Designator = "R159"; Footprint = "R 0805(2012)"; UniqueID = "\IDVCZODY\AXUTQRZR"
Change component parameters. Clean all parameters for all variants
Change component parameters (AddParameter): Name = "Case"; Value = "0805"; VariantName = "[No Variations]"
Change component parameters (AddParameter): Name = "Category"; Value = "0805 SMD Resistors"; VariantName = "[No Variations]"
Change component parameters (AddParameter): Name = "ComponentLink1Description"; Value = "http://static.tme.eu/products_pics/6/6/c/66cc5cd64257edd80ca8e9fd2040972d/56038.jpg"; VariantName = "[No Variations]"
Change component parameters (AddParameter): Name = "ComponentLink1URL"; Value = "http://static.tme.eu/products_pics/6/6/c/66cc5cd64257edd80ca8e9fd2040972d/56038.jpg"; VariantName = "[No Variations]"
Change component parameters (AddParameter): Name = "Manufacturer"; Value = "YAGEO"; VariantName = "[No Variations]"
Change component parameters (AddParameter): Name = "Manufacturer Part Number"; Value = "RC0805JR-07330RL"; VariantName = "[No Variations]"
Change component parameters (AddParameter): Name = "Max. operating voltage"; Value = "150V"; VariantName = "[No Variations]"
Change component parameters (AddParameter): Name = "Max. overload voltage"; Value = "300V"; VariantName = "[No Variations]"
Change component parameters (AddParameter): Name = "MinAmount"; Value = "100"; VariantName = "[No Variations]"
Change component parameters (AddParameter): Name = "Mounting"; Value = "SMD"; VariantName = "[No Variations]"
Change component parameters (AddParameter): Name = "Multiples"; Value = "100"; VariantName = "[No Variations]"
Change component parameters (AddParameter): Name = "Operating temperature"; Value = "-55...155°C"; VariantName = "[No Variations]"
Change component parameters (AddParameter): Name = "Power"; Value = "0.125W"; VariantName = "[No Variations]"
Change component parameters (AddParameter): Name = "Price Type"; Value = "NET"; VariantName = "[No Variations]"
Change component parameters (AddParameter): Name = "Pricing 1"; Value = "100=0.00553, 1000=0.00332, 5000=0.00109, 15000=0.001, 50000=0.00086 (EUR)"; VariantName = "[No Variations]"
Change component parameters (AddParameter): Name = "Resistance"; Value = "330O"; VariantName = "[No Variations]"
Change component parameters (AddParameter): Name = "Resistor type"; Value = "thick film"; VariantName = "[No Variations]"
Change component parameters (AddParameter): Name = "Stock 1"; Value = "0"; VariantName = "[No Variations]"
Change component parameters (AddParameter): Name = "SuppliedAmount"; Value = "0"; VariantName = "[No Variations]"
Change component parameters (AddParameter): Name = "Supplier 1"; Value = "TME"; VariantName = "[No Variations]"
Change component parameters (AddParameter): Name = "Supplier Part Number 1"; Value = "RC0805JR-07330R"; VariantName = "[No Variations]"
Change component parameters (AddParameter): Name = "Tolerance"; Value = "±5%"; VariantName = "[No Variations]"
Change component parameters (AddParameter): Name = "Unit"; Value = "pcs"; VariantName = "[No Variations]"
Change component parameters (AddParameter): Name = "Weight"; Value = "0.027"; VariantName = "[No Variations]"
Change component parameters: Designator = "R150"; Footprint = "R 0805(2012)"; UniqueID = "\IDVCZODY\IAQAIWGU"
Change component parameters. Clean all parameters for all variants
Change component parameters (AddParameter): Name = "Coefficient de température"; Value = "± 200"; VariantName = "[No Variations]"
Change component parameters (AddParameter): Name = "ComponentLink1Description"; Value = "http://www.farnell.com/datasheets/1716700.pdf"; VariantName = "[No Variations]"
Change component parameters (AddParameter): Name = "ComponentLink1URL"; Value = "http://www.farnell.com/datasheets/1716700.pdf"; VariantName = "[No Variations]"
Change component parameters (AddParameter): Name = "Manufacturer"; Value = "MULTICOMP"; VariantName = "[No Variations]"
Change component parameters (AddParameter): Name = "Manufacturer Part Number"; Value = "MC0.1W08051%100RFR"; VariantName = "[No Variations]"
Change component parameters (AddParameter): Name = "MSL"; Value = "MSL 1 - Illimité"; VariantName = "[No Variations]"
Change component parameters (AddParameter): Name = "Pricing 1"; Value = "5000=0,001 (EUR)"; VariantName = "[No Variations]"
Change component parameters (AddParameter): Name = "Product Range"; Value = "MULTICOMP - MC Series"; VariantName = "[No Variations]"
Change component parameters (AddParameter): Name = "Puissance"; Value = "100"; VariantName = "[No Variations]"
Change component parameters (AddParameter): Name = "Resistor Mounting"; Value = "CMS"; VariantName = "[No Variations]"
Change component parameters (AddParameter): Name = "RoHS"; Value = "YES"; VariantName = "[No Variations]"
Change component parameters (AddParameter): Name = "Résistance"; Value = "100"; VariantName = "[No Variations]"
Change component parameters (AddParameter): Name = "Supplier 1"; Value = "Farnell"; VariantName = "[No Variations]"
Change component parameters (AddParameter): Name = "Supplier Part Number 1"; Value = "2129034"; VariantName = "[No Variations]"
Change component parameters (AddParameter): Name = "Tension"; Value = "150"; VariantName = "[No Variations]"
Change component parameters (AddParameter): Name = "Tolérance de résistance"; Value = "± 1%"; VariantName = "[No Variations]"
Change component parameters (AddParameter): Name = "Type de boîtier de résistance"; Value = "0805"; VariantName = "[No Variations]"
Change component parameters (AddParameter): Name = "Type de packaging"; Value = "Full Reel"; VariantName = "[No Variations]"
Change component parameters (AddParameter): Name = "Type de résistance"; Value = "Couche épaisse"; VariantName = "[No Variations]"
Change component parameters: Designator = "R62"; Footprint = "R 0805(2012)"; UniqueID = "\IDVCZODY\NLQFLUGD"
Change component parameters. Clean all parameters for all variants
Change component parameters (AddParameter): Name = "Coefficient de température"; Value = "± 200"; VariantName = "[No Variations]"
Change component parameters (AddParameter): Name = "ComponentLink1Description"; Value = "http://www.farnell.com/datasheets/1716700.pdf"; VariantName = "[No Variations]"
Change component parameters (AddParameter): Name = "ComponentLink1URL"; Value = "http://www.farnell.com/datasheets/1716700.pdf"; VariantName = "[No Variations]"
Change component parameters (AddParameter): Name = "Manufacturer"; Value = "MULTICOMP"; VariantName = "[No Variations]"
Change component parameters (AddParameter): Name = "Manufacturer Part Number"; Value = "MC0.1W08051%100RFR"; VariantName = "[No Variations]"
Change component parameters (AddParameter): Name = "MSL"; Value = "MSL 1 - Illimité"; VariantName = "[No Variations]"
Change component parameters (AddParameter): Name = "Pricing 1"; Value = "5000=0,001 (EUR)"; VariantName = "[No Variations]"
Change component parameters (AddParameter): Name = "Product Range"; Value = "MULTICOMP - MC Series"; VariantName = "[No Variations]"
Change component parameters (AddParameter): Name = "Puissance"; Value = "100"; VariantName = "[No Variations]"
Change component parameters (AddParameter): Name = "Resistor Mounting"; Value = "CMS"; VariantName = "[No Variations]"
Change component parameters (AddParameter): Name = "RoHS"; Value = "YES"; VariantName = "[No Variations]"
Change component parameters (AddParameter): Name = "Résistance"; Value = "100"; VariantName = "[No Variations]"
Change component parameters (AddParameter): Name = "Supplier 1"; Value = "Farnell"; VariantName = "[No Variations]"
Change component parameters (AddParameter): Name = "Supplier Part Number 1"; Value = "2129034"; VariantName = "[No Variations]"
Change component parameters (AddParameter): Name = "Tension"; Value = "150"; VariantName = "[No Variations]"
Change component parameters (AddParameter): Name = "Tolérance de résistance"; Value = "± 1%"; VariantName = "[No Variations]"
Change component parameters (AddParameter): Name = "Type de boîtier de résistance"; Value = "0805"; VariantName = "[No Variations]"
Change component parameters (AddParameter): Name = "Type de packaging"; Value = "Full Reel"; VariantName = "[No Variations]"
Change component parameters (AddParameter): Name = "Type de résistance"; Value = "Couche épaisse"; VariantName = "[No Variations]"
Change Net Name : Old Net Name=NetR157_1 New Net Name=NetR62_1
