Removed Pin From Net: NetName=3.3V Pin=R87-2
Removed Pin From Net: NetName=3.3V Pin=R97-2
Removed Pin From Net: NetName=3.3V Pin=R108-2
Removed Pin From Net: NetName=GND Pin=R177-1
Removed Pin From Net: NetName=NetQ17_1 Pin=R177-2
Removed Pin From Net: NetName=GND Pin=R178-1
Removed Pin From Net: NetName=NetQ16_1 Pin=R178-2
Removed Pin From Net: NetName=GND Pin=R181-1
Removed Pin From Net: NetName=NetQ29_1 Pin=R181-2
Removed Pin From Net: NetName=GND Pin=R182-1
Removed Pin From Net: NetName=NetQ28_1 Pin=R182-2
Removed Pin From Net: NetName=GND Pin=R185-1
Removed Pin From Net: NetName=NetQ41_1 Pin=R185-2
Removed Pin From Net: NetName=GND Pin=R186-1
Removed Pin From Net: NetName=NetQ40_1 Pin=R186-2
Added Pin To Net: NetName=5V Pin=R87-2
Added Pin To Net: NetName=5V Pin=R97-2
Added Pin To Net: NetName=5V Pin=R108-2
Added Pin To Net: NetName=NetQ17_1 Pin=R177-1
Added Pin To Net: NetName=5V Pin=R177-2
Added Pin To Net: NetName=NetQ16_1 Pin=R178-1
Added Pin To Net: NetName=5V Pin=R178-2
Added Pin To Net: NetName=NetQ29_1 Pin=R181-1
Added Pin To Net: NetName=5V Pin=R181-2
Added Pin To Net: NetName=NetQ28_1 Pin=R182-1
Added Pin To Net: NetName=5V Pin=R182-2
Added Pin To Net: NetName=NetQ41_1 Pin=R185-1
Added Pin To Net: NetName=5V Pin=R185-2
Added Pin To Net: NetName=NetQ40_1 Pin=R186-1
Added Pin To Net: NetName=5V Pin=R186-2
