Added Component: Designator=C34(C 0805(2012)x0.65)
Add component (AddParameter): Name = "ComponentLink1Description"; Value = "http://www.farnell.com/datasheets/1520827.pdf"; VariantName = "[No Variations]"
Add component (AddParameter): Name = "ComponentLink1URL"; Value = "http://www.farnell.com/datasheets/1520827.pdf"; VariantName = "[No Variations]"
Add component (AddParameter): Name = "Manufacturer"; Value = "MULTICOMP"; VariantName = "[No Variations]"
Add component (AddParameter): Name = "Manufacturer Part Number"; Value = "MCCA000296"; VariantName = "[No Variations]"
Add component (AddParameter): Name = "Pricing 1"; Value = "100=0,01, 500=0,008, 1000=0,006, 4000=0,005 (EUR)"; VariantName = "[No Variations]"
Add component (AddParameter): Name = "Supplier 1"; Value = "Farnell"; VariantName = "[No Variations]"
Add component (AddParameter): Name = "Supplier Part Number 1"; Value = "1759167"; VariantName = "[No Variations]"
Added Component: Designator=D14(SOT23)
Add component (AddParameter): Name = "ComponentLink1Description"; Value = "http://www.farnell.com/datasheets/1317753.pdf"; VariantName = "[No Variations]"
Add component (AddParameter): Name = "ComponentLink1URL"; Value = "http://www.farnell.com/datasheets/1317753.pdf"; VariantName = "[No Variations]"
Add component (AddParameter): Name = "ComponentLink2Description"; Value = "http://www.farnell.com/datasheets/1997854.pdf"; VariantName = "[No Variations]"
Add component (AddParameter): Name = "ComponentLink2URL"; Value = "http://www.farnell.com/datasheets/1997854.pdf"; VariantName = "[No Variations]"
Add component (AddParameter): Name = "Configuration diode"; Value = "Dual Series"; VariantName = "[No Variations]"
Add component (AddParameter): Name = "courant Ifsm"; Value = "600"; VariantName = "[No Variations]"
Add component (AddParameter): Name = "Courant, If moy."; Value = "200"; VariantName = "[No Variations]"
Add component (AddParameter): Name = "Courant, If, Vf"; Value = "10"; VariantName = "[No Variations]"
Add component (AddParameter): Name = "Courant, Ifs max."; Value = "600"; VariantName = "[No Variations]"
Add component (AddParameter): Name = "Courant, Ir, max.."; Value = "2"; VariantName = "[No Variations]"
Add component (AddParameter): Name = "Diode Type"; Value = "Schottky"; VariantName = "[No Variations]"
Add component (AddParameter): Name = "Manufacturer"; Value = "MULTICOMP"; VariantName = "[No Variations]"
Add component (AddParameter): Name = "Manufacturer Part Number"; Value = "BAT54S"; VariantName = "[No Variations]"
Add component (AddParameter): Name = "Marquage, CMS"; Value = "L44"; VariantName = "[No Variations]"
Add component (AddParameter): Name = "MSL"; Value = "MSL 1 - Illimité"; VariantName = "[No Variations]"
Add component (AddParameter): Name = "Nombre de broches"; Value = "3"; VariantName = "[No Variations]"
Add component (AddParameter): Name = "Pricing 1"; Value = "10=0,102, 250=0,074, 1000=0,06, 3000=0,053 (EUR)"; VariantName = "[No Variations]"
Add component (AddParameter): Name = "Pricing 2"; Value = "5=0,157, 90=0,066, 250=0,056, 750=0,0443, 1500=0,0388 (EUR)"; VariantName = "[No Variations]"
Add component (AddParameter): Name = "RoHS"; Value = "YES"; VariantName = "[No Variations]"
Add component (AddParameter): Name = "Stock 1"; Value = "52055"; VariantName = "[No Variations]"
Add component (AddParameter): Name = "Stock 2"; Value = "11232"; VariantName = "[No Variations]"
Add component (AddParameter): Name = "Supplier 1"; Value = "Farnell"; VariantName = "[No Variations]"
Add component (AddParameter): Name = "Supplier 2"; Value = "Farnell"; VariantName = "[No Variations]"
Add component (AddParameter): Name = "Supplier Part Number 1"; Value = "1621835"; VariantName = "[No Variations]"
Add component (AddParameter): Name = "Supplier Part Number 2"; Value = "1467519"; VariantName = "[No Variations]"
Add component (AddParameter): Name = "SVHC"; Value = "No SVHC (19-Dec-2012)"; VariantName = "[No Variations]"
Add component (AddParameter): Name = "Temps trr max."; Value = "5"; VariantName = "[No Variations]"
Add component (AddParameter): Name = "Température de fonctionnement"; Value = "-55°C à +150"; VariantName = "[No Variations]"
Add component (AddParameter): Name = "Température de fonctionnement max.."; Value = "150"; VariantName = "[No Variations]"
Add component (AddParameter): Name = "Température, Tj max.."; Value = "150"; VariantName = "[No Variations]"
Add component (AddParameter): Name = "Température d'utilisation min"; Value = "-55"; VariantName = "[No Variations]"
Add component (AddParameter): Name = "Tension, direct à  If"; Value = "800"; VariantName = "[No Variations]"
Add component (AddParameter): Name = "Tension, Vf max.."; Value = "400"; VariantName = "[No Variations]"
Add component (AddParameter): Name = "Tension, Vrrm"; Value = "30"; VariantName = "[No Variations]"
Add component (AddParameter): Name = "Type de boîtier"; Value = "SOT-23"; VariantName = "[No Variations]"
Add component (AddParameter): Name = "Type de boîtier de diode"; Value = "SOT-23"; VariantName = "[No Variations]"
Add component (AddParameter): Name = "Type de boîtier diode"; Value = "SOT-23"; VariantName = "[No Variations]"
Add component (AddParameter): Name = "Type de diode"; Value = "Schottky"; VariantName = "[No Variations]"
Add component (AddParameter): Name = "Type de packaging"; Value = "Bande découpée"; VariantName = "[No Variations]"
Add component (AddParameter): Name = "Type de terminaison"; Value = "SMD"; VariantName = "[No Variations]"
Added Component: Designator=R53(R 0805(2012))
Add component (AddParameter): Name = "Coefficient de température"; Value = "± 100"; VariantName = "[No Variations]"
Add component (AddParameter): Name = "ComponentLink1Description"; Value = "http://www.farnell.com/datasheets/1716700.pdf"; VariantName = "[No Variations]"
Add component (AddParameter): Name = "ComponentLink1URL"; Value = "http://www.farnell.com/datasheets/1716700.pdf"; VariantName = "[No Variations]"
Add component (AddParameter): Name = "Manufacturer"; Value = "MULTICOMP"; VariantName = "[No Variations]"
Add component (AddParameter): Name = "Manufacturer Part Number"; Value = "MC0.1W08051%10KFR"; VariantName = "[No Variations]"
Add component (AddParameter): Name = "MSL"; Value = "MSL 1 - Illimité"; VariantName = "[No Variations]"
Add component (AddParameter): Name = "Pricing 1"; Value = "5000=0,001 (EUR)"; VariantName = "[No Variations]"
Add component (AddParameter): Name = "Product Range"; Value = "MULTICOMP - MC Series"; VariantName = "[No Variations]"
Add component (AddParameter): Name = "Puissance"; Value = "100"; VariantName = "[No Variations]"
Add component (AddParameter): Name = "Resistor Mounting"; Value = "CMS"; VariantName = "[No Variations]"
Add component (AddParameter): Name = "RoHS"; Value = "YES"; VariantName = "[No Variations]"
Add component (AddParameter): Name = "Résistance"; Value = "10"; VariantName = "[No Variations]"
Add component (AddParameter): Name = "Supplier 1"; Value = "Farnell"; VariantName = "[No Variations]"
Add component (AddParameter): Name = "Supplier Part Number 1"; Value = "2129195"; VariantName = "[No Variations]"
Add component (AddParameter): Name = "Tension"; Value = "150"; VariantName = "[No Variations]"
Add component (AddParameter): Name = "Tolérance de résistance"; Value = "± 1%"; VariantName = "[No Variations]"
Add component (AddParameter): Name = "Type de boîtier de résistance"; Value = "0805"; VariantName = "[No Variations]"
Add component (AddParameter): Name = "Type de packaging"; Value = "Full Reel"; VariantName = "[No Variations]"
Add component (AddParameter): Name = "Type de résistance"; Value = "Couche épaisse"; VariantName = "[No Variations]"
Added Component: Designator=R189(R 0805(2012))
Add component (AddParameter): Name = "Coefficient de température"; Value = "± 100"; VariantName = "[No Variations]"
Add component (AddParameter): Name = "ComponentLink1Description"; Value = "http://www.farnell.com/datasheets/1716700.pdf"; VariantName = "[No Variations]"
Add component (AddParameter): Name = "ComponentLink1URL"; Value = "http://www.farnell.com/datasheets/1716700.pdf"; VariantName = "[No Variations]"
Add component (AddParameter): Name = "Manufacturer"; Value = "MULTICOMP"; VariantName = "[No Variations]"
Add component (AddParameter): Name = "Manufacturer Part Number"; Value = "MC0.1W08051%1KFR"; VariantName = "[No Variations]"
Add component (AddParameter): Name = "MSL"; Value = "MSL 1 - Illimité"; VariantName = "[No Variations]"
Add component (AddParameter): Name = "Pricing 1"; Value = "5000=0,001 (EUR)"; VariantName = "[No Variations]"
Add component (AddParameter): Name = "Product Range"; Value = "MULTICOMP - MC Series"; VariantName = "[No Variations]"
Add component (AddParameter): Name = "Puissance"; Value = "100"; VariantName = "[No Variations]"
Add component (AddParameter): Name = "Resistor Mounting"; Value = "CMS"; VariantName = "[No Variations]"
Add component (AddParameter): Name = "RoHS"; Value = "YES"; VariantName = "[No Variations]"
Add component (AddParameter): Name = "Résistance"; Value = "1"; VariantName = "[No Variations]"
Add component (AddParameter): Name = "Supplier 1"; Value = "Farnell"; VariantName = "[No Variations]"
Add component (AddParameter): Name = "Supplier Part Number 1"; Value = "2129113"; VariantName = "[No Variations]"
Add component (AddParameter): Name = "Tension"; Value = "150"; VariantName = "[No Variations]"
Add component (AddParameter): Name = "Tolérance de résistance"; Value = "± 1%"; VariantName = "[No Variations]"
Add component (AddParameter): Name = "Type de boîtier de résistance"; Value = "0805"; VariantName = "[No Variations]"
Add component (AddParameter): Name = "Type de packaging"; Value = "Full Reel"; VariantName = "[No Variations]"
Add component (AddParameter): Name = "Type de résistance"; Value = "Couche épaisse"; VariantName = "[No Variations]"
Added Pin To Net: NetName=GND Pin=C34-1
Added Pin To Net: NetName=NetC34_2 Pin=C34-2
Added Pin To Net: NetName=GND Pin=D14-1
Added Pin To Net: NetName=+3.3 Pin=D14-2
Added Pin To Net: NetName=NetD14_3 Pin=D14-3
Added Pin To Net: NetName=NetC34_2 Pin=R53-1
Added Pin To Net: NetName=+3.3 Pin=R53-2
Added Pin To Net: NetName=NetD14_3 Pin=R189-1
Added Pin To Net: NetName=BTN MOTOR 3_5 Pin=R189-2
Added Member To Class: ClassName=U_MCU Member=Component C34 100nF
Added Member To Class: ClassName=U_MCU Member=Component D14 BAT54S
Added Member To Class: ClassName=U_MCU Member=Component R53 10K
Added Member To Class: ClassName=U_MCU Member=Component R189 1K
