Removed Pin From Net: NetName=5V Pin=R60-1
Removed Pin From Net: NetName=GND Pin=R62-1
Removed Pin From Net: NetName=NetR60_2 Pin=R62-2
Removed Member From Class: ClassName=U_PSU Member=R62
Change Component Comment : Designator=R60 Old Comment=3.3K New Comment=1.5K
Change component parameters: Designator = "R38"; Footprint = "R 0805(2012)"; UniqueID = "\BVUEXSFK\EYOUQTYO"
Change component parameters. Clean all parameters for all variants
Change component parameters (AddParameter): Name = "Case"; Value = "0805"; VariantName = "[No Variations]"
Change component parameters (AddParameter): Name = "Category"; Value = "0805 SMD Resistors"; VariantName = "[No Variations]"
Change component parameters (AddParameter): Name = "ComponentLink1Description"; Value = "http://static.tme.eu/products_pics/6/6/c/66cc5cd64257edd80ca8e9fd2040972d/56038.jpg"; VariantName = "[No Variations]"
Change component parameters (AddParameter): Name = "ComponentLink1URL"; Value = "http://static.tme.eu/products_pics/6/6/c/66cc5cd64257edd80ca8e9fd2040972d/56038.jpg"; VariantName = "[No Variations]"
Change component parameters (AddParameter): Name = "Manufacturer"; Value = "YAGEO"; VariantName = "[No Variations]"
Change component parameters (AddParameter): Name = "Manufacturer Part Number"; Value = "RC0805JR-07330RL"; VariantName = "[No Variations]"
Change component parameters (AddParameter): Name = "Max. operating voltage"; Value = "150V"; VariantName = "[No Variations]"
Change component parameters (AddParameter): Name = "Max. overload voltage"; Value = "300V"; VariantName = "[No Variations]"
Change component parameters (AddParameter): Name = "MinAmount"; Value = "100"; VariantName = "[No Variations]"
Change component parameters (AddParameter): Name = "Mounting"; Value = "SMD"; VariantName = "[No Variations]"
Change component parameters (AddParameter): Name = "Multiples"; Value = "100"; VariantName = "[No Variations]"
Change component parameters (AddParameter): Name = "Operating temperature"; Value = "-55...155°C"; VariantName = "[No Variations]"
Change component parameters (AddParameter): Name = "Power"; Value = "0.125W"; VariantName = "[No Variations]"
Change component parameters (AddParameter): Name = "Price Type"; Value = "NET"; VariantName = "[No Variations]"
Change component parameters (AddParameter): Name = "Pricing 1"; Value = "100=0.00553, 1000=0.00332, 5000=0.00109, 15000=0.001, 50000=0.00086 (EUR)"; VariantName = "[No Variations]"
Change component parameters (AddParameter): Name = "Resistance"; Value = "330O"; VariantName = "[No Variations]"
Change component parameters (AddParameter): Name = "Resistor type"; Value = "thick film"; VariantName = "[No Variations]"
Change component parameters (AddParameter): Name = "Stock 1"; Value = "0"; VariantName = "[No Variations]"
Change component parameters (AddParameter): Name = "SuppliedAmount"; Value = "0"; VariantName = "[No Variations]"
Change component parameters (AddParameter): Name = "Supplier 1"; Value = "TME"; VariantName = "[No Variations]"
Change component parameters (AddParameter): Name = "Supplier Part Number 1"; Value = "RC0805JR-07330R"; VariantName = "[No Variations]"
Change component parameters (AddParameter): Name = "Tolerance"; Value = "±5%"; VariantName = "[No Variations]"
Change component parameters (AddParameter): Name = "Unit"; Value = "pcs"; VariantName = "[No Variations]"
Change component parameters (AddParameter): Name = "Weight"; Value = "0.027"; VariantName = "[No Variations]"
Change component parameters: Designator = "R49"; Footprint = "R 0805(2012)"; UniqueID = "\OCXSBQBR\DGGHBJTP"
Change component parameters. Clean all parameters for all variants
Change component parameters (AddParameter): Name = "Case"; Value = "0805"; VariantName = "[No Variations]"
Change component parameters (AddParameter): Name = "Category"; Value = "0805 SMD Resistors"; VariantName = "[No Variations]"
Change component parameters (AddParameter): Name = "ComponentLink1Description"; Value = "http://static.tme.eu/products_pics/6/6/c/66cc5cd64257edd80ca8e9fd2040972d/56038.jpg"; VariantName = "[No Variations]"
Change component parameters (AddParameter): Name = "ComponentLink1URL"; Value = "http://static.tme.eu/products_pics/6/6/c/66cc5cd64257edd80ca8e9fd2040972d/56038.jpg"; VariantName = "[No Variations]"
Change component parameters (AddParameter): Name = "Manufacturer"; Value = "YAGEO"; VariantName = "[No Variations]"
Change component parameters (AddParameter): Name = "Manufacturer Part Number"; Value = "RC0805JR-07330RL"; VariantName = "[No Variations]"
Change component parameters (AddParameter): Name = "Max. operating voltage"; Value = "150V"; VariantName = "[No Variations]"
Change component parameters (AddParameter): Name = "Max. overload voltage"; Value = "300V"; VariantName = "[No Variations]"
Change component parameters (AddParameter): Name = "MinAmount"; Value = "100"; VariantName = "[No Variations]"
Change component parameters (AddParameter): Name = "Mounting"; Value = "SMD"; VariantName = "[No Variations]"
Change component parameters (AddParameter): Name = "Multiples"; Value = "100"; VariantName = "[No Variations]"
Change component parameters (AddParameter): Name = "Operating temperature"; Value = "-55...155°C"; VariantName = "[No Variations]"
Change component parameters (AddParameter): Name = "Power"; Value = "0.125W"; VariantName = "[No Variations]"
Change component parameters (AddParameter): Name = "Price Type"; Value = "NET"; VariantName = "[No Variations]"
Change component parameters (AddParameter): Name = "Pricing 1"; Value = "100=0.00553, 1000=0.00332, 5000=0.00109, 15000=0.001, 50000=0.00086 (EUR)"; VariantName = "[No Variations]"
Change component parameters (AddParameter): Name = "Resistance"; Value = "330O"; VariantName = "[No Variations]"
Change component parameters (AddParameter): Name = "Resistor type"; Value = "thick film"; VariantName = "[No Variations]"
Change component parameters (AddParameter): Name = "Stock 1"; Value = "0"; VariantName = "[No Variations]"
Change component parameters (AddParameter): Name = "SuppliedAmount"; Value = "0"; VariantName = "[No Variations]"
Change component parameters (AddParameter): Name = "Supplier 1"; Value = "TME"; VariantName = "[No Variations]"
Change component parameters (AddParameter): Name = "Supplier Part Number 1"; Value = "RC0805JR-07330R"; VariantName = "[No Variations]"
Change component parameters (AddParameter): Name = "Tolerance"; Value = "±5%"; VariantName = "[No Variations]"
Change component parameters (AddParameter): Name = "Unit"; Value = "pcs"; VariantName = "[No Variations]"
Change component parameters (AddParameter): Name = "Weight"; Value = "0.027"; VariantName = "[No Variations]"
Change component parameters: Designator = "R54"; Footprint = "R 0805(2012)"; UniqueID = "\OCXSBQBR\UHXHAAGD"
Change component parameters. Clean all parameters for all variants
Change component parameters (AddParameter): Name = "Case"; Value = "0805"; VariantName = "[No Variations]"
Change component parameters (AddParameter): Name = "Category"; Value = "0805 SMD Resistors"; VariantName = "[No Variations]"
Change component parameters (AddParameter): Name = "ComponentLink1Description"; Value = "http://static.tme.eu/products_pics/6/6/c/66cc5cd64257edd80ca8e9fd2040972d/56038.jpg"; VariantName = "[No Variations]"
Change component parameters (AddParameter): Name = "ComponentLink1URL"; Value = "http://static.tme.eu/products_pics/6/6/c/66cc5cd64257edd80ca8e9fd2040972d/56038.jpg"; VariantName = "[No Variations]"
Change component parameters (AddParameter): Name = "Manufacturer"; Value = "YAGEO"; VariantName = "[No Variations]"
Change component parameters (AddParameter): Name = "Manufacturer Part Number"; Value = "RC0805JR-07330RL"; VariantName = "[No Variations]"
Change component parameters (AddParameter): Name = "Max. operating voltage"; Value = "150V"; VariantName = "[No Variations]"
Change component parameters (AddParameter): Name = "Max. overload voltage"; Value = "300V"; VariantName = "[No Variations]"
Change component parameters (AddParameter): Name = "MinAmount"; Value = "100"; VariantName = "[No Variations]"
Change component parameters (AddParameter): Name = "Mounting"; Value = "SMD"; VariantName = "[No Variations]"
Change component parameters (AddParameter): Name = "Multiples"; Value = "100"; VariantName = "[No Variations]"
Change component parameters (AddParameter): Name = "Operating temperature"; Value = "-55...155°C"; VariantName = "[No Variations]"
Change component parameters (AddParameter): Name = "Power"; Value = "0.125W"; VariantName = "[No Variations]"
Change component parameters (AddParameter): Name = "Price Type"; Value = "NET"; VariantName = "[No Variations]"
Change component parameters (AddParameter): Name = "Pricing 1"; Value = "100=0.00553, 1000=0.00332, 5000=0.00109, 15000=0.001, 50000=0.00086 (EUR)"; VariantName = "[No Variations]"
Change component parameters (AddParameter): Name = "Resistance"; Value = "330O"; VariantName = "[No Variations]"
Change component parameters (AddParameter): Name = "Resistor type"; Value = "thick film"; VariantName = "[No Variations]"
Change component parameters (AddParameter): Name = "Stock 1"; Value = "0"; VariantName = "[No Variations]"
Change component parameters (AddParameter): Name = "SuppliedAmount"; Value = "0"; VariantName = "[No Variations]"
Change component parameters (AddParameter): Name = "Supplier 1"; Value = "TME"; VariantName = "[No Variations]"
Change component parameters (AddParameter): Name = "Supplier Part Number 1"; Value = "RC0805JR-07330R"; VariantName = "[No Variations]"
Change component parameters (AddParameter): Name = "Tolerance"; Value = "±5%"; VariantName = "[No Variations]"
Change component parameters (AddParameter): Name = "Unit"; Value = "pcs"; VariantName = "[No Variations]"
Change component parameters (AddParameter): Name = "Weight"; Value = "0.027"; VariantName = "[No Variations]"
Change component parameters: Designator = "R65"; Footprint = "R 0805(2012)"; UniqueID = "\LMBOJOMC\TMEAWMAG"
Change component parameters. Clean all parameters for all variants
Change component parameters (AddParameter): Name = "Case"; Value = "0805"; VariantName = "[No Variations]"
Change component parameters (AddParameter): Name = "Category"; Value = "0805 SMD Resistors"; VariantName = "[No Variations]"
Change component parameters (AddParameter): Name = "ComponentLink1Description"; Value = "http://static.tme.eu/products_pics/6/6/c/66cc5cd64257edd80ca8e9fd2040972d/56038.jpg"; VariantName = "[No Variations]"
Change component parameters (AddParameter): Name = "ComponentLink1URL"; Value = "http://static.tme.eu/products_pics/6/6/c/66cc5cd64257edd80ca8e9fd2040972d/56038.jpg"; VariantName = "[No Variations]"
Change component parameters (AddParameter): Name = "Manufacturer"; Value = "YAGEO"; VariantName = "[No Variations]"
Change component parameters (AddParameter): Name = "Manufacturer Part Number"; Value = "RC0805JR-07330RL"; VariantName = "[No Variations]"
Change component parameters (AddParameter): Name = "Max. operating voltage"; Value = "150V"; VariantName = "[No Variations]"
Change component parameters (AddParameter): Name = "Max. overload voltage"; Value = "300V"; VariantName = "[No Variations]"
Change component parameters (AddParameter): Name = "MinAmount"; Value = "100"; VariantName = "[No Variations]"
Change component parameters (AddParameter): Name = "Mounting"; Value = "SMD"; VariantName = "[No Variations]"
Change component parameters (AddParameter): Name = "Multiples"; Value = "100"; VariantName = "[No Variations]"
Change component parameters (AddParameter): Name = "Operating temperature"; Value = "-55...155°C"; VariantName = "[No Variations]"
Change component parameters (AddParameter): Name = "Power"; Value = "0.125W"; VariantName = "[No Variations]"
Change component parameters (AddParameter): Name = "Price Type"; Value = "NET"; VariantName = "[No Variations]"
Change component parameters (AddParameter): Name = "Pricing 1"; Value = "100=0.00553, 1000=0.00332, 5000=0.00109, 15000=0.001, 50000=0.00086 (EUR)"; VariantName = "[No Variations]"
Change component parameters (AddParameter): Name = "Resistance"; Value = "330O"; VariantName = "[No Variations]"
Change component parameters (AddParameter): Name = "Resistor type"; Value = "thick film"; VariantName = "[No Variations]"
Change component parameters (AddParameter): Name = "Stock 1"; Value = "0"; VariantName = "[No Variations]"
Change component parameters (AddParameter): Name = "SuppliedAmount"; Value = "0"; VariantName = "[No Variations]"
Change component parameters (AddParameter): Name = "Supplier 1"; Value = "TME"; VariantName = "[No Variations]"
Change component parameters (AddParameter): Name = "Supplier Part Number 1"; Value = "RC0805JR-07330R"; VariantName = "[No Variations]"
Change component parameters (AddParameter): Name = "Tolerance"; Value = "±5%"; VariantName = "[No Variations]"
Change component parameters (AddParameter): Name = "Unit"; Value = "pcs"; VariantName = "[No Variations]"
Change component parameters (AddParameter): Name = "Weight"; Value = "0.027"; VariantName = "[No Variations]"
Change component parameters: Designator = "R66"; Footprint = "R 0805(2012)"; UniqueID = "\LMBOJOMC\TYCKGQXV"
Change component parameters. Clean all parameters for all variants
Change component parameters (AddParameter): Name = "Case"; Value = "0805"; VariantName = "[No Variations]"
Change component parameters (AddParameter): Name = "Category"; Value = "0805 SMD Resistors"; VariantName = "[No Variations]"
Change component parameters (AddParameter): Name = "ComponentLink1Description"; Value = "http://static.tme.eu/products_pics/6/6/c/66cc5cd64257edd80ca8e9fd2040972d/56038.jpg"; VariantName = "[No Variations]"
Change component parameters (AddParameter): Name = "ComponentLink1URL"; Value = "http://static.tme.eu/products_pics/6/6/c/66cc5cd64257edd80ca8e9fd2040972d/56038.jpg"; VariantName = "[No Variations]"
Change component parameters (AddParameter): Name = "Manufacturer"; Value = "YAGEO"; VariantName = "[No Variations]"
Change component parameters (AddParameter): Name = "Manufacturer Part Number"; Value = "RC0805JR-07150KL"; VariantName = "[No Variations]"
Change component parameters (AddParameter): Name = "Max. operating voltage"; Value = "150V"; VariantName = "[No Variations]"
Change component parameters (AddParameter): Name = "Max. overload voltage"; Value = "300V"; VariantName = "[No Variations]"
Change component parameters (AddParameter): Name = "MinAmount"; Value = "100"; VariantName = "[No Variations]"
Change component parameters (AddParameter): Name = "Mounting"; Value = "SMD"; VariantName = "[No Variations]"
Change component parameters (AddParameter): Name = "Multiples"; Value = "100"; VariantName = "[No Variations]"
Change component parameters (AddParameter): Name = "Operating temperature"; Value = "-55...155°C"; VariantName = "[No Variations]"
Change component parameters (AddParameter): Name = "Power"; Value = "0.125W"; VariantName = "[No Variations]"
Change component parameters (AddParameter): Name = "Price Type"; Value = "NET"; VariantName = "[No Variations]"
Change component parameters (AddParameter): Name = "Pricing 1"; Value = "100=0.00566, 1000=0.0034, 5000=0.00111, 15000=0.00102, 50000=0.00088 (EUR)"; VariantName = "[No Variations]"
Change component parameters (AddParameter): Name = "Resistance"; Value = "150kO"; VariantName = "[No Variations]"
Change component parameters (AddParameter): Name = "Resistor type"; Value = "thick film"; VariantName = "[No Variations]"
Change component parameters (AddParameter): Name = "Stock 1"; Value = "6800"; VariantName = "[No Variations]"
Change component parameters (AddParameter): Name = "SuppliedAmount"; Value = "0"; VariantName = "[No Variations]"
Change component parameters (AddParameter): Name = "Supplier 1"; Value = "TME"; VariantName = "[No Variations]"
Change component parameters (AddParameter): Name = "Supplier Part Number 1"; Value = "RC0805JR-07150K"; VariantName = "[No Variations]"
Change component parameters (AddParameter): Name = "Tolerance"; Value = "±5%"; VariantName = "[No Variations]"
Change component parameters (AddParameter): Name = "Unit"; Value = "pcs"; VariantName = "[No Variations]"
Change component parameters (AddParameter): Name = "Weight"; Value = "0.028"; VariantName = "[No Variations]"
Change component parameters: Designator = "R151"; Footprint = "R 0805(2012)"; UniqueID = "\IDVCZODY\AWKFTEMZ"
Change component parameters. Clean all parameters for all variants
Change component parameters (AddParameter): Name = "Case"; Value = "0805"; VariantName = "[No Variations]"
Change component parameters (AddParameter): Name = "Category"; Value = "0805 SMD Resistors"; VariantName = "[No Variations]"
Change component parameters (AddParameter): Name = "ComponentLink1Description"; Value = "http://static.tme.eu/products_pics/6/6/c/66cc5cd64257edd80ca8e9fd2040972d/56038.jpg"; VariantName = "[No Variations]"
Change component parameters (AddParameter): Name = "ComponentLink1URL"; Value = "http://static.tme.eu/products_pics/6/6/c/66cc5cd64257edd80ca8e9fd2040972d/56038.jpg"; VariantName = "[No Variations]"
Change component parameters (AddParameter): Name = "Manufacturer"; Value = "YAGEO"; VariantName = "[No Variations]"
Change component parameters (AddParameter): Name = "Manufacturer Part Number"; Value = "RC0805JR-07330RL"; VariantName = "[No Variations]"
Change component parameters (AddParameter): Name = "Max. operating voltage"; Value = "150V"; VariantName = "[No Variations]"
Change component parameters (AddParameter): Name = "Max. overload voltage"; Value = "300V"; VariantName = "[No Variations]"
Change component parameters (AddParameter): Name = "MinAmount"; Value = "100"; VariantName = "[No Variations]"
Change component parameters (AddParameter): Name = "Mounting"; Value = "SMD"; VariantName = "[No Variations]"
Change component parameters (AddParameter): Name = "Multiples"; Value = "100"; VariantName = "[No Variations]"
Change component parameters (AddParameter): Name = "Operating temperature"; Value = "-55...155°C"; VariantName = "[No Variations]"
Change component parameters (AddParameter): Name = "Power"; Value = "0.125W"; VariantName = "[No Variations]"
Change component parameters (AddParameter): Name = "Price Type"; Value = "NET"; VariantName = "[No Variations]"
Change component parameters (AddParameter): Name = "Pricing 1"; Value = "100=0.00553, 1000=0.00332, 5000=0.00109, 15000=0.001, 50000=0.00086 (EUR)"; VariantName = "[No Variations]"
Change component parameters (AddParameter): Name = "Resistance"; Value = "330O"; VariantName = "[No Variations]"
Change component parameters (AddParameter): Name = "Resistor type"; Value = "thick film"; VariantName = "[No Variations]"
Change component parameters (AddParameter): Name = "Stock 1"; Value = "0"; VariantName = "[No Variations]"
Change component parameters (AddParameter): Name = "SuppliedAmount"; Value = "0"; VariantName = "[No Variations]"
Change component parameters (AddParameter): Name = "Supplier 1"; Value = "TME"; VariantName = "[No Variations]"
Change component parameters (AddParameter): Name = "Supplier Part Number 1"; Value = "RC0805JR-07330R"; VariantName = "[No Variations]"
Change component parameters (AddParameter): Name = "Tolerance"; Value = "±5%"; VariantName = "[No Variations]"
Change component parameters (AddParameter): Name = "Unit"; Value = "pcs"; VariantName = "[No Variations]"
Change component parameters (AddParameter): Name = "Weight"; Value = "0.027"; VariantName = "[No Variations]"
Change component parameters: Designator = "R152"; Footprint = "R 0805(2012)"; UniqueID = "\IDVCZODY\FPDCLMJV"
Change component parameters. Clean all parameters for all variants
Change component parameters (AddParameter): Name = "Case"; Value = "0805"; VariantName = "[No Variations]"
Change component parameters (AddParameter): Name = "Category"; Value = "0805 SMD Resistors"; VariantName = "[No Variations]"
Change component parameters (AddParameter): Name = "ComponentLink1Description"; Value = "http://static.tme.eu/products_pics/6/6/c/66cc5cd64257edd80ca8e9fd2040972d/56038.jpg"; VariantName = "[No Variations]"
Change component parameters (AddParameter): Name = "ComponentLink1URL"; Value = "http://static.tme.eu/products_pics/6/6/c/66cc5cd64257edd80ca8e9fd2040972d/56038.jpg"; VariantName = "[No Variations]"
Change component parameters (AddParameter): Name = "Manufacturer"; Value = "YAGEO"; VariantName = "[No Variations]"
Change component parameters (AddParameter): Name = "Manufacturer Part Number"; Value = "RC0805JR-07330RL"; VariantName = "[No Variations]"
Change component parameters (AddParameter): Name = "Max. operating voltage"; Value = "150V"; VariantName = "[No Variations]"
Change component parameters (AddParameter): Name = "Max. overload voltage"; Value = "300V"; VariantName = "[No Variations]"
Change component parameters (AddParameter): Name = "MinAmount"; Value = "100"; VariantName = "[No Variations]"
Change component parameters (AddParameter): Name = "Mounting"; Value = "SMD"; VariantName = "[No Variations]"
Change component parameters (AddParameter): Name = "Multiples"; Value = "100"; VariantName = "[No Variations]"
Change component parameters (AddParameter): Name = "Operating temperature"; Value = "-55...155°C"; VariantName = "[No Variations]"
Change component parameters (AddParameter): Name = "Power"; Value = "0.125W"; VariantName = "[No Variations]"
Change component parameters (AddParameter): Name = "Price Type"; Value = "NET"; VariantName = "[No Variations]"
Change component parameters (AddParameter): Name = "Pricing 1"; Value = "100=0.00553, 1000=0.00332, 5000=0.00109, 15000=0.001, 50000=0.00086 (EUR)"; VariantName = "[No Variations]"
Change component parameters (AddParameter): Name = "Resistance"; Value = "330O"; VariantName = "[No Variations]"
Change component parameters (AddParameter): Name = "Resistor type"; Value = "thick film"; VariantName = "[No Variations]"
Change component parameters (AddParameter): Name = "Stock 1"; Value = "0"; VariantName = "[No Variations]"
Change component parameters (AddParameter): Name = "SuppliedAmount"; Value = "0"; VariantName = "[No Variations]"
Change component parameters (AddParameter): Name = "Supplier 1"; Value = "TME"; VariantName = "[No Variations]"
Change component parameters (AddParameter): Name = "Supplier Part Number 1"; Value = "RC0805JR-07330R"; VariantName = "[No Variations]"
Change component parameters (AddParameter): Name = "Tolerance"; Value = "±5%"; VariantName = "[No Variations]"
Change component parameters (AddParameter): Name = "Unit"; Value = "pcs"; VariantName = "[No Variations]"
Change component parameters (AddParameter): Name = "Weight"; Value = "0.027"; VariantName = "[No Variations]"
Change component parameters: Designator = "R153"; Footprint = "R 0805(2012)"; UniqueID = "\IDVCZODY\QZNUIYPI"
Change component parameters. Clean all parameters for all variants
Change component parameters (AddParameter): Name = "Case"; Value = "0805"; VariantName = "[No Variations]"
Change component parameters (AddParameter): Name = "Category"; Value = "0805 SMD Resistors"; VariantName = "[No Variations]"
Change component parameters (AddParameter): Name = "ComponentLink1Description"; Value = "http://static.tme.eu/products_pics/6/6/c/66cc5cd64257edd80ca8e9fd2040972d/56038.jpg"; VariantName = "[No Variations]"
Change component parameters (AddParameter): Name = "ComponentLink1URL"; Value = "http://static.tme.eu/products_pics/6/6/c/66cc5cd64257edd80ca8e9fd2040972d/56038.jpg"; VariantName = "[No Variations]"
Change component parameters (AddParameter): Name = "Manufacturer"; Value = "YAGEO"; VariantName = "[No Variations]"
Change component parameters (AddParameter): Name = "Manufacturer Part Number"; Value = "RC0805JR-07150KL"; VariantName = "[No Variations]"
Change component parameters (AddParameter): Name = "Max. operating voltage"; Value = "150V"; VariantName = "[No Variations]"
Change component parameters (AddParameter): Name = "Max. overload voltage"; Value = "300V"; VariantName = "[No Variations]"
Change component parameters (AddParameter): Name = "MinAmount"; Value = "100"; VariantName = "[No Variations]"
Change component parameters (AddParameter): Name = "Mounting"; Value = "SMD"; VariantName = "[No Variations]"
Change component parameters (AddParameter): Name = "Multiples"; Value = "100"; VariantName = "[No Variations]"
Change component parameters (AddParameter): Name = "Operating temperature"; Value = "-55...155°C"; VariantName = "[No Variations]"
Change component parameters (AddParameter): Name = "Power"; Value = "0.125W"; VariantName = "[No Variations]"
Change component parameters (AddParameter): Name = "Price Type"; Value = "NET"; VariantName = "[No Variations]"
Change component parameters (AddParameter): Name = "Pricing 1"; Value = "100=0.00566, 1000=0.0034, 5000=0.00111, 15000=0.00102, 50000=0.00088 (EUR)"; VariantName = "[No Variations]"
Change component parameters (AddParameter): Name = "Resistance"; Value = "150kO"; VariantName = "[No Variations]"
Change component parameters (AddParameter): Name = "Resistor type"; Value = "thick film"; VariantName = "[No Variations]"
Change component parameters (AddParameter): Name = "Stock 1"; Value = "6800"; VariantName = "[No Variations]"
Change component parameters (AddParameter): Name = "SuppliedAmount"; Value = "0"; VariantName = "[No Variations]"
Change component parameters (AddParameter): Name = "Supplier 1"; Value = "TME"; VariantName = "[No Variations]"
Change component parameters (AddParameter): Name = "Supplier Part Number 1"; Value = "RC0805JR-07150K"; VariantName = "[No Variations]"
Change component parameters (AddParameter): Name = "Tolerance"; Value = "±5%"; VariantName = "[No Variations]"
Change component parameters (AddParameter): Name = "Unit"; Value = "pcs"; VariantName = "[No Variations]"
Change component parameters (AddParameter): Name = "Weight"; Value = "0.028"; VariantName = "[No Variations]"
Change component parameters: Designator = "R158"; Footprint = "R 0805(2012)"; UniqueID = "\IDVCZODY\NJGWLXBY"
Change component parameters. Clean all parameters for all variants
Change component parameters (AddParameter): Name = "Case"; Value = "0805"; VariantName = "[No Variations]"
Change component parameters (AddParameter): Name = "Category"; Value = "0805 SMD Resistors"; VariantName = "[No Variations]"
Change component parameters (AddParameter): Name = "ComponentLink1Description"; Value = "http://static.tme.eu/products_pics/6/6/c/66cc5cd64257edd80ca8e9fd2040972d/56038.jpg"; VariantName = "[No Variations]"
Change component parameters (AddParameter): Name = "ComponentLink1URL"; Value = "http://static.tme.eu/products_pics/6/6/c/66cc5cd64257edd80ca8e9fd2040972d/56038.jpg"; VariantName = "[No Variations]"
Change component parameters (AddParameter): Name = "Manufacturer"; Value = "YAGEO"; VariantName = "[No Variations]"
Change component parameters (AddParameter): Name = "Manufacturer Part Number"; Value = "RC0805JR-07330RL"; VariantName = "[No Variations]"
Change component parameters (AddParameter): Name = "Max. operating voltage"; Value = "150V"; VariantName = "[No Variations]"
Change component parameters (AddParameter): Name = "Max. overload voltage"; Value = "300V"; VariantName = "[No Variations]"
Change component parameters (AddParameter): Name = "MinAmount"; Value = "100"; VariantName = "[No Variations]"
Change component parameters (AddParameter): Name = "Mounting"; Value = "SMD"; VariantName = "[No Variations]"
Change component parameters (AddParameter): Name = "Multiples"; Value = "100"; VariantName = "[No Variations]"
Change component parameters (AddParameter): Name = "Operating temperature"; Value = "-55...155°C"; VariantName = "[No Variations]"
Change component parameters (AddParameter): Name = "Power"; Value = "0.125W"; VariantName = "[No Variations]"
Change component parameters (AddParameter): Name = "Price Type"; Value = "NET"; VariantName = "[No Variations]"
Change component parameters (AddParameter): Name = "Pricing 1"; Value = "100=0.00553, 1000=0.00332, 5000=0.00109, 15000=0.001, 50000=0.00086 (EUR)"; VariantName = "[No Variations]"
Change component parameters (AddParameter): Name = "Resistance"; Value = "330O"; VariantName = "[No Variations]"
Change component parameters (AddParameter): Name = "Resistor type"; Value = "thick film"; VariantName = "[No Variations]"
Change component parameters (AddParameter): Name = "Stock 1"; Value = "0"; VariantName = "[No Variations]"
Change component parameters (AddParameter): Name = "SuppliedAmount"; Value = "0"; VariantName = "[No Variations]"
Change component parameters (AddParameter): Name = "Supplier 1"; Value = "TME"; VariantName = "[No Variations]"
Change component parameters (AddParameter): Name = "Supplier Part Number 1"; Value = "RC0805JR-07330R"; VariantName = "[No Variations]"
Change component parameters (AddParameter): Name = "Tolerance"; Value = "±5%"; VariantName = "[No Variations]"
Change component parameters (AddParameter): Name = "Unit"; Value = "pcs"; VariantName = "[No Variations]"
Change component parameters (AddParameter): Name = "Weight"; Value = "0.027"; VariantName = "[No Variations]"
Change component parameters: Designator = "R159"; Footprint = "R 0805(2012)"; UniqueID = "\IDVCZODY\AXUTQRZR"
Change component parameters. Clean all parameters for all variants
Change component parameters (AddParameter): Name = "Case"; Value = "0805"; VariantName = "[No Variations]"
Change component parameters (AddParameter): Name = "Category"; Value = "0805 SMD Resistors"; VariantName = "[No Variations]"
Change component parameters (AddParameter): Name = "ComponentLink1Description"; Value = "http://static.tme.eu/products_pics/6/6/c/66cc5cd64257edd80ca8e9fd2040972d/56038.jpg"; VariantName = "[No Variations]"
Change component parameters (AddParameter): Name = "ComponentLink1URL"; Value = "http://static.tme.eu/products_pics/6/6/c/66cc5cd64257edd80ca8e9fd2040972d/56038.jpg"; VariantName = "[No Variations]"
Change component parameters (AddParameter): Name = "Manufacturer"; Value = "YAGEO"; VariantName = "[No Variations]"
Change component parameters (AddParameter): Name = "Manufacturer Part Number"; Value = "RC0805JR-07330RL"; VariantName = "[No Variations]"
Change component parameters (AddParameter): Name = "Max. operating voltage"; Value = "150V"; VariantName = "[No Variations]"
Change component parameters (AddParameter): Name = "Max. overload voltage"; Value = "300V"; VariantName = "[No Variations]"
Change component parameters (AddParameter): Name = "MinAmount"; Value = "100"; VariantName = "[No Variations]"
Change component parameters (AddParameter): Name = "Mounting"; Value = "SMD"; VariantName = "[No Variations]"
Change component parameters (AddParameter): Name = "Multiples"; Value = "100"; VariantName = "[No Variations]"
Change component parameters (AddParameter): Name = "Operating temperature"; Value = "-55...155°C"; VariantName = "[No Variations]"
Change component parameters (AddParameter): Name = "Power"; Value = "0.125W"; VariantName = "[No Variations]"
Change component parameters (AddParameter): Name = "Price Type"; Value = "NET"; VariantName = "[No Variations]"
Change component parameters (AddParameter): Name = "Pricing 1"; Value = "100=0.00553, 1000=0.00332, 5000=0.00109, 15000=0.001, 50000=0.00086 (EUR)"; VariantName = "[No Variations]"
Change component parameters (AddParameter): Name = "Resistance"; Value = "330O"; VariantName = "[No Variations]"
Change component parameters (AddParameter): Name = "Resistor type"; Value = "thick film"; VariantName = "[No Variations]"
Change component parameters (AddParameter): Name = "Stock 1"; Value = "0"; VariantName = "[No Variations]"
Change component parameters (AddParameter): Name = "SuppliedAmount"; Value = "0"; VariantName = "[No Variations]"
Change component parameters (AddParameter): Name = "Supplier 1"; Value = "TME"; VariantName = "[No Variations]"
Change component parameters (AddParameter): Name = "Supplier Part Number 1"; Value = "RC0805JR-07330R"; VariantName = "[No Variations]"
Change component parameters (AddParameter): Name = "Tolerance"; Value = "±5%"; VariantName = "[No Variations]"
Change component parameters (AddParameter): Name = "Unit"; Value = "pcs"; VariantName = "[No Variations]"
Change component parameters (AddParameter): Name = "Weight"; Value = "0.027"; VariantName = "[No Variations]"
Change component parameters: Designator = "R160"; Footprint = "R 0805(2012)"; UniqueID = "\IDVCZODY\HNVMOOFI"
Change component parameters. Clean all parameters for all variants
Change component parameters (AddParameter): Name = "Case"; Value = "0805"; VariantName = "[No Variations]"
Change component parameters (AddParameter): Name = "Category"; Value = "0805 SMD Resistors"; VariantName = "[No Variations]"
Change component parameters (AddParameter): Name = "ComponentLink1Description"; Value = "http://static.tme.eu/products_pics/6/6/c/66cc5cd64257edd80ca8e9fd2040972d/56038.jpg"; VariantName = "[No Variations]"
Change component parameters (AddParameter): Name = "ComponentLink1URL"; Value = "http://static.tme.eu/products_pics/6/6/c/66cc5cd64257edd80ca8e9fd2040972d/56038.jpg"; VariantName = "[No Variations]"
Change component parameters (AddParameter): Name = "Manufacturer"; Value = "YAGEO"; VariantName = "[No Variations]"
Change component parameters (AddParameter): Name = "Manufacturer Part Number"; Value = "RC0805JR-07150KL"; VariantName = "[No Variations]"
Change component parameters (AddParameter): Name = "Max. operating voltage"; Value = "150V"; VariantName = "[No Variations]"
Change component parameters (AddParameter): Name = "Max. overload voltage"; Value = "300V"; VariantName = "[No Variations]"
Change component parameters (AddParameter): Name = "MinAmount"; Value = "100"; VariantName = "[No Variations]"
Change component parameters (AddParameter): Name = "Mounting"; Value = "SMD"; VariantName = "[No Variations]"
Change component parameters (AddParameter): Name = "Multiples"; Value = "100"; VariantName = "[No Variations]"
Change component parameters (AddParameter): Name = "Operating temperature"; Value = "-55...155°C"; VariantName = "[No Variations]"
Change component parameters (AddParameter): Name = "Power"; Value = "0.125W"; VariantName = "[No Variations]"
Change component parameters (AddParameter): Name = "Price Type"; Value = "NET"; VariantName = "[No Variations]"
Change component parameters (AddParameter): Name = "Pricing 1"; Value = "100=0.00566, 1000=0.0034, 5000=0.00111, 15000=0.00102, 50000=0.00088 (EUR)"; VariantName = "[No Variations]"
Change component parameters (AddParameter): Name = "Resistance"; Value = "150kO"; VariantName = "[No Variations]"
Change component parameters (AddParameter): Name = "Resistor type"; Value = "thick film"; VariantName = "[No Variations]"
Change component parameters (AddParameter): Name = "Stock 1"; Value = "6800"; VariantName = "[No Variations]"
Change component parameters (AddParameter): Name = "SuppliedAmount"; Value = "0"; VariantName = "[No Variations]"
Change component parameters (AddParameter): Name = "Supplier 1"; Value = "TME"; VariantName = "[No Variations]"
Change component parameters (AddParameter): Name = "Supplier Part Number 1"; Value = "RC0805JR-07150K"; VariantName = "[No Variations]"
Change component parameters (AddParameter): Name = "Tolerance"; Value = "±5%"; VariantName = "[No Variations]"
Change component parameters (AddParameter): Name = "Unit"; Value = "pcs"; VariantName = "[No Variations]"
Change component parameters (AddParameter): Name = "Weight"; Value = "0.028"; VariantName = "[No Variations]"
Change component parameters: Designator = "R60"; Footprint = "R 0805(2012)"; UniqueID = "\LMBOJOMC\HLIQZYPX"
Change component parameters. Clean all parameters for all variants
Change component parameters (AddParameter): Name = "Case/Package"; Value = "0805"; VariantName = "[No Variations]"
Change component parameters (AddParameter): Name = "Case Code (Imperial)"; Value = "0805"; VariantName = "[No Variations]"
Change component parameters (AddParameter): Name = "Case Code (Metric)"; Value = "2012"; VariantName = "[No Variations]"
Change component parameters (AddParameter): Name = "Composition"; Value = "Thick Film"; VariantName = "[No Variations]"
Change component parameters (AddParameter): Name = "Mount"; Value = "Surface Mount"; VariantName = "[No Variations]"
Change component parameters (AddParameter): Name = "Packaging"; Value = "Tape and Reel"; VariantName = "[No Variations]"
Change component parameters (AddParameter): Name = "Power Rating"; Value = "125mW"; VariantName = "[No Variations]"
Change component parameters (AddParameter): Name = "REACH SVHC"; Value = "Unknown"; VariantName = "[No Variations]"
Change component parameters (AddParameter): Name = "Resistance"; Value = "1.5kR"; VariantName = "[No Variations]"
Change component parameters (AddParameter): Name = "Supplier 1"; Value = "Farnell"; VariantName = "[No Variations]"
Change component parameters (AddParameter): Name = "Supplier Part Number 1"; Value = "2446909"; VariantName = "[No Variations]"
Change component parameters (AddParameter): Name = "Temperature Coefficient"; Value = "100ppm/°C"; VariantName = "[No Variations]"
Change component parameters (AddParameter): Name = "Tolerance"; Value = "1%"; VariantName = "[No Variations]"
Change component parameters (AddParameter): Name = "Voltage Rating"; Value = "150V"; VariantName = "[No Variations]"
Change component parameters (AddParameter): Name = "Voltage Rating (DC)"; Value = "150V"; VariantName = "[No Variations]"
Added Component: Designator=R59(R 0805(2012))
Add component. Clean all parameters for all variants
Add component (AddParameter): Name = "Coefficient de température"; Value = "± 100"; VariantName = "[No Variations]"
Add component (AddParameter): Name = "ComponentLink1Description"; Value = "http://www.farnell.com/datasheets/1729047.pdf"; VariantName = "[No Variations]"
Add component (AddParameter): Name = "ComponentLink1URL"; Value = "http://www.farnell.com/datasheets/1729047.pdf"; VariantName = "[No Variations]"
Add component (AddParameter): Name = "Manufacturer"; Value = "MULTICOMP"; VariantName = "[No Variations]"
Add component (AddParameter): Name = "Manufacturer Part Number"; Value = "MC01W080514K7"; VariantName = "[No Variations]"
Add component (AddParameter): Name = "MSL"; Value = "(Non Applicable)"; VariantName = "[No Variations]"
Add component (AddParameter): Name = "Pricing 1"; Value = "5000=0,001 (EUR)"; VariantName = "[No Variations]"
Add component (AddParameter): Name = "Product Range"; Value = "MULTICOMP - MC Series"; VariantName = "[No Variations]"
Add component (AddParameter): Name = "Puissance"; Value = "100"; VariantName = "[No Variations]"
Add component (AddParameter): Name = "Resistor Mounting"; Value = "CMS"; VariantName = "[No Variations]"
Add component (AddParameter): Name = "RoHS"; Value = "YES"; VariantName = "[No Variations]"
Add component (AddParameter): Name = "Résistance"; Value = "4.7"; VariantName = "[No Variations]"
Add component (AddParameter): Name = "Supplier 1"; Value = "Farnell"; VariantName = "[No Variations]"
Add component (AddParameter): Name = "Supplier Part Number 1"; Value = "2129167"; VariantName = "[No Variations]"
Add component (AddParameter): Name = "SVHC"; Value = "No SVHC (20-Jun-2013)"; VariantName = "[No Variations]"
Add component (AddParameter): Name = "Tension"; Value = "150"; VariantName = "[No Variations]"
Add component (AddParameter): Name = "Tolérance de résistance"; Value = "± 1%"; VariantName = "[No Variations]"
Add component (AddParameter): Name = "Type de boîtier de résistance"; Value = "0805"; VariantName = "[No Variations]"
Add component (AddParameter): Name = "Type de packaging"; Value = "Full Reel"; VariantName = "[No Variations]"
Add component (AddParameter): Name = "Type de résistance"; Value = "Couche épaisse"; VariantName = "[No Variations]"
Added Pin To Net: NetName=NetR60_2 Pin=R59-1
Added Pin To Net: NetName=5V Pin=R59-2
Added Pin To Net: NetName=GND Pin=R60-1
Change Net Name : Old Net Name=NetR60_2 New Net Name=NetR59_1
Added Member To Class: ClassName=U_PSU Member=Component R59 4.7K
