Change component parameters: Designator = "R38"; Footprint = "R 0805(2012)"; UniqueID = "\BVUEXSFK\EYOUQTYO"
Change component parameters. Clean all parameters for all variants
Change component parameters (AddParameter): Name = "Case"; Value = "0805"; VariantName = "[No Variations]"
Change component parameters (AddParameter): Name = "Category"; Value = "0805 SMD Resistors"; VariantName = "[No Variations]"
Change component parameters (AddParameter): Name = "ComponentLink1Description"; Value = "http://static.tme.eu/products_pics/6/6/c/66cc5cd64257edd80ca8e9fd2040972d/56038.jpg"; VariantName = "[No Variations]"
Change component parameters (AddParameter): Name = "ComponentLink1URL"; Value = "http://static.tme.eu/products_pics/6/6/c/66cc5cd64257edd80ca8e9fd2040972d/56038.jpg"; VariantName = "[No Variations]"
Change component parameters (AddParameter): Name = "Manufacturer"; Value = "YAGEO"; VariantName = "[No Variations]"
Change component parameters (AddParameter): Name = "Manufacturer Part Number"; Value = "RC0805JR-07330RL"; VariantName = "[No Variations]"
Change component parameters (AddParameter): Name = "Max. operating voltage"; Value = "150V"; VariantName = "[No Variations]"
Change component parameters (AddParameter): Name = "Max. overload voltage"; Value = "300V"; VariantName = "[No Variations]"
Change component parameters (AddParameter): Name = "MinAmount"; Value = "100"; VariantName = "[No Variations]"
Change component parameters (AddParameter): Name = "Mounting"; Value = "SMD"; VariantName = "[No Variations]"
Change component parameters (AddParameter): Name = "Multiples"; Value = "100"; VariantName = "[No Variations]"
Change component parameters (AddParameter): Name = "Operating temperature"; Value = "-55...155°C"; VariantName = "[No Variations]"
Change component parameters (AddParameter): Name = "Power"; Value = "0.125W"; VariantName = "[No Variations]"
Change component parameters (AddParameter): Name = "Price Type"; Value = "NET"; VariantName = "[No Variations]"
Change component parameters (AddParameter): Name = "Pricing 1"; Value = "100=0.00553, 1000=0.00332, 5000=0.00109, 15000=0.001, 50000=0.00086 (EUR)"; VariantName = "[No Variations]"
Change component parameters (AddParameter): Name = "Resistance"; Value = "330O"; VariantName = "[No Variations]"
Change component parameters (AddParameter): Name = "Resistor type"; Value = "thick film"; VariantName = "[No Variations]"
Change component parameters (AddParameter): Name = "Stock 1"; Value = "0"; VariantName = "[No Variations]"
Change component parameters (AddParameter): Name = "SuppliedAmount"; Value = "0"; VariantName = "[No Variations]"
Change component parameters (AddParameter): Name = "Supplier 1"; Value = "TME"; VariantName = "[No Variations]"
Change component parameters (AddParameter): Name = "Supplier Part Number 1"; Value = "RC0805JR-07330R"; VariantName = "[No Variations]"
Change component parameters (AddParameter): Name = "Tolerance"; Value = "±5%"; VariantName = "[No Variations]"
Change component parameters (AddParameter): Name = "Unit"; Value = "pcs"; VariantName = "[No Variations]"
Change component parameters (AddParameter): Name = "Weight"; Value = "0.027"; VariantName = "[No Variations]"
Change component parameters: Designator = "R49"; Footprint = "R 0805(2012)"; UniqueID = "\OCXSBQBR\DGGHBJTP"
Change component parameters. Clean all parameters for all variants
Change component parameters (AddParameter): Name = "Case"; Value = "0805"; VariantName = "[No Variations]"
Change component parameters (AddParameter): Name = "Category"; Value = "0805 SMD Resistors"; VariantName = "[No Variations]"
Change component parameters (AddParameter): Name = "ComponentLink1Description"; Value = "http://static.tme.eu/products_pics/6/6/c/66cc5cd64257edd80ca8e9fd2040972d/56038.jpg"; VariantName = "[No Variations]"
Change component parameters (AddParameter): Name = "ComponentLink1URL"; Value = "http://static.tme.eu/products_pics/6/6/c/66cc5cd64257edd80ca8e9fd2040972d/56038.jpg"; VariantName = "[No Variations]"
Change component parameters (AddParameter): Name = "Manufacturer"; Value = "YAGEO"; VariantName = "[No Variations]"
Change component parameters (AddParameter): Name = "Manufacturer Part Number"; Value = "RC0805JR-07330RL"; VariantName = "[No Variations]"
Change component parameters (AddParameter): Name = "Max. operating voltage"; Value = "150V"; VariantName = "[No Variations]"
Change component parameters (AddParameter): Name = "Max. overload voltage"; Value = "300V"; VariantName = "[No Variations]"
Change component parameters (AddParameter): Name = "MinAmount"; Value = "100"; VariantName = "[No Variations]"
Change component parameters (AddParameter): Name = "Mounting"; Value = "SMD"; VariantName = "[No Variations]"
Change component parameters (AddParameter): Name = "Multiples"; Value = "100"; VariantName = "[No Variations]"
Change component parameters (AddParameter): Name = "Operating temperature"; Value = "-55...155°C"; VariantName = "[No Variations]"
Change component parameters (AddParameter): Name = "Power"; Value = "0.125W"; VariantName = "[No Variations]"
Change component parameters (AddParameter): Name = "Price Type"; Value = "NET"; VariantName = "[No Variations]"
Change component parameters (AddParameter): Name = "Pricing 1"; Value = "100=0.00553, 1000=0.00332, 5000=0.00109, 15000=0.001, 50000=0.00086 (EUR)"; VariantName = "[No Variations]"
Change component parameters (AddParameter): Name = "Resistance"; Value = "330O"; VariantName = "[No Variations]"
Change component parameters (AddParameter): Name = "Resistor type"; Value = "thick film"; VariantName = "[No Variations]"
Change component parameters (AddParameter): Name = "Stock 1"; Value = "0"; VariantName = "[No Variations]"
Change component parameters (AddParameter): Name = "SuppliedAmount"; Value = "0"; VariantName = "[No Variations]"
Change component parameters (AddParameter): Name = "Supplier 1"; Value = "TME"; VariantName = "[No Variations]"
Change component parameters (AddParameter): Name = "Supplier Part Number 1"; Value = "RC0805JR-07330R"; VariantName = "[No Variations]"
Change component parameters (AddParameter): Name = "Tolerance"; Value = "±5%"; VariantName = "[No Variations]"
Change component parameters (AddParameter): Name = "Unit"; Value = "pcs"; VariantName = "[No Variations]"
Change component parameters (AddParameter): Name = "Weight"; Value = "0.027"; VariantName = "[No Variations]"
Change component parameters: Designator = "R54"; Footprint = "R 0805(2012)"; UniqueID = "\OCXSBQBR\UHXHAAGD"
Change component parameters. Clean all parameters for all variants
Change component parameters (AddParameter): Name = "Case"; Value = "0805"; VariantName = "[No Variations]"
Change component parameters (AddParameter): Name = "Category"; Value = "0805 SMD Resistors"; VariantName = "[No Variations]"
Change component parameters (AddParameter): Name = "ComponentLink1Description"; Value = "http://static.tme.eu/products_pics/6/6/c/66cc5cd64257edd80ca8e9fd2040972d/56038.jpg"; VariantName = "[No Variations]"
Change component parameters (AddParameter): Name = "ComponentLink1URL"; Value = "http://static.tme.eu/products_pics/6/6/c/66cc5cd64257edd80ca8e9fd2040972d/56038.jpg"; VariantName = "[No Variations]"
Change component parameters (AddParameter): Name = "Manufacturer"; Value = "YAGEO"; VariantName = "[No Variations]"
Change component parameters (AddParameter): Name = "Manufacturer Part Number"; Value = "RC0805JR-07330RL"; VariantName = "[No Variations]"
Change component parameters (AddParameter): Name = "Max. operating voltage"; Value = "150V"; VariantName = "[No Variations]"
Change component parameters (AddParameter): Name = "Max. overload voltage"; Value = "300V"; VariantName = "[No Variations]"
Change component parameters (AddParameter): Name = "MinAmount"; Value = "100"; VariantName = "[No Variations]"
Change component parameters (AddParameter): Name = "Mounting"; Value = "SMD"; VariantName = "[No Variations]"
Change component parameters (AddParameter): Name = "Multiples"; Value = "100"; VariantName = "[No Variations]"
Change component parameters (AddParameter): Name = "Operating temperature"; Value = "-55...155°C"; VariantName = "[No Variations]"
Change component parameters (AddParameter): Name = "Power"; Value = "0.125W"; VariantName = "[No Variations]"
Change component parameters (AddParameter): Name = "Price Type"; Value = "NET"; VariantName = "[No Variations]"
Change component parameters (AddParameter): Name = "Pricing 1"; Value = "100=0.00553, 1000=0.00332, 5000=0.00109, 15000=0.001, 50000=0.00086 (EUR)"; VariantName = "[No Variations]"
Change component parameters (AddParameter): Name = "Resistance"; Value = "330O"; VariantName = "[No Variations]"
Change component parameters (AddParameter): Name = "Resistor type"; Value = "thick film"; VariantName = "[No Variations]"
Change component parameters (AddParameter): Name = "Stock 1"; Value = "0"; VariantName = "[No Variations]"
Change component parameters (AddParameter): Name = "SuppliedAmount"; Value = "0"; VariantName = "[No Variations]"
Change component parameters (AddParameter): Name = "Supplier 1"; Value = "TME"; VariantName = "[No Variations]"
Change component parameters (AddParameter): Name = "Supplier Part Number 1"; Value = "RC0805JR-07330R"; VariantName = "[No Variations]"
Change component parameters (AddParameter): Name = "Tolerance"; Value = "±5%"; VariantName = "[No Variations]"
Change component parameters (AddParameter): Name = "Unit"; Value = "pcs"; VariantName = "[No Variations]"
Change component parameters (AddParameter): Name = "Weight"; Value = "0.027"; VariantName = "[No Variations]"
Change component parameters: Designator = "R65"; Footprint = "R 0805(2012)"; UniqueID = "\LMBOJOMC\TMEAWMAG"
Change component parameters. Clean all parameters for all variants
Change component parameters (AddParameter): Name = "Case"; Value = "0805"; VariantName = "[No Variations]"
Change component parameters (AddParameter): Name = "Category"; Value = "0805 SMD Resistors"; VariantName = "[No Variations]"
Change component parameters (AddParameter): Name = "ComponentLink1Description"; Value = "http://static.tme.eu/products_pics/6/6/c/66cc5cd64257edd80ca8e9fd2040972d/56038.jpg"; VariantName = "[No Variations]"
Change component parameters (AddParameter): Name = "ComponentLink1URL"; Value = "http://static.tme.eu/products_pics/6/6/c/66cc5cd64257edd80ca8e9fd2040972d/56038.jpg"; VariantName = "[No Variations]"
Change component parameters (AddParameter): Name = "Manufacturer"; Value = "YAGEO"; VariantName = "[No Variations]"
Change component parameters (AddParameter): Name = "Manufacturer Part Number"; Value = "RC0805JR-07330RL"; VariantName = "[No Variations]"
Change component parameters (AddParameter): Name = "Max. operating voltage"; Value = "150V"; VariantName = "[No Variations]"
Change component parameters (AddParameter): Name = "Max. overload voltage"; Value = "300V"; VariantName = "[No Variations]"
Change component parameters (AddParameter): Name = "MinAmount"; Value = "100"; VariantName = "[No Variations]"
Change component parameters (AddParameter): Name = "Mounting"; Value = "SMD"; VariantName = "[No Variations]"
Change component parameters (AddParameter): Name = "Multiples"; Value = "100"; VariantName = "[No Variations]"
Change component parameters (AddParameter): Name = "Operating temperature"; Value = "-55...155°C"; VariantName = "[No Variations]"
Change component parameters (AddParameter): Name = "Power"; Value = "0.125W"; VariantName = "[No Variations]"
Change component parameters (AddParameter): Name = "Price Type"; Value = "NET"; VariantName = "[No Variations]"
Change component parameters (AddParameter): Name = "Pricing 1"; Value = "100=0.00553, 1000=0.00332, 5000=0.00109, 15000=0.001, 50000=0.00086 (EUR)"; VariantName = "[No Variations]"
Change component parameters (AddParameter): Name = "Resistance"; Value = "330O"; VariantName = "[No Variations]"
Change component parameters (AddParameter): Name = "Resistor type"; Value = "thick film"; VariantName = "[No Variations]"
Change component parameters (AddParameter): Name = "Stock 1"; Value = "0"; VariantName = "[No Variations]"
Change component parameters (AddParameter): Name = "SuppliedAmount"; Value = "0"; VariantName = "[No Variations]"
Change component parameters (AddParameter): Name = "Supplier 1"; Value = "TME"; VariantName = "[No Variations]"
Change component parameters (AddParameter): Name = "Supplier Part Number 1"; Value = "RC0805JR-07330R"; VariantName = "[No Variations]"
Change component parameters (AddParameter): Name = "Tolerance"; Value = "±5%"; VariantName = "[No Variations]"
Change component parameters (AddParameter): Name = "Unit"; Value = "pcs"; VariantName = "[No Variations]"
Change component parameters (AddParameter): Name = "Weight"; Value = "0.027"; VariantName = "[No Variations]"
Change component parameters: Designator = "R66"; Footprint = "R 0805(2012)"; UniqueID = "\LMBOJOMC\TYCKGQXV"
Change component parameters. Clean all parameters for all variants
Change component parameters (AddParameter): Name = "Case"; Value = "0805"; VariantName = "[No Variations]"
Change component parameters (AddParameter): Name = "Category"; Value = "0805 SMD Resistors"; VariantName = "[No Variations]"
Change component parameters (AddParameter): Name = "ComponentLink1Description"; Value = "http://static.tme.eu/products_pics/6/6/c/66cc5cd64257edd80ca8e9fd2040972d/56038.jpg"; VariantName = "[No Variations]"
Change component parameters (AddParameter): Name = "ComponentLink1URL"; Value = "http://static.tme.eu/products_pics/6/6/c/66cc5cd64257edd80ca8e9fd2040972d/56038.jpg"; VariantName = "[No Variations]"
Change component parameters (AddParameter): Name = "Manufacturer"; Value = "YAGEO"; VariantName = "[No Variations]"
Change component parameters (AddParameter): Name = "Manufacturer Part Number"; Value = "RC0805JR-07150KL"; VariantName = "[No Variations]"
Change component parameters (AddParameter): Name = "Max. operating voltage"; Value = "150V"; VariantName = "[No Variations]"
Change component parameters (AddParameter): Name = "Max. overload voltage"; Value = "300V"; VariantName = "[No Variations]"
Change component parameters (AddParameter): Name = "MinAmount"; Value = "100"; VariantName = "[No Variations]"
Change component parameters (AddParameter): Name = "Mounting"; Value = "SMD"; VariantName = "[No Variations]"
Change component parameters (AddParameter): Name = "Multiples"; Value = "100"; VariantName = "[No Variations]"
Change component parameters (AddParameter): Name = "Operating temperature"; Value = "-55...155°C"; VariantName = "[No Variations]"
Change component parameters (AddParameter): Name = "Power"; Value = "0.125W"; VariantName = "[No Variations]"
Change component parameters (AddParameter): Name = "Price Type"; Value = "NET"; VariantName = "[No Variations]"
Change component parameters (AddParameter): Name = "Pricing 1"; Value = "100=0.00566, 1000=0.0034, 5000=0.00111, 15000=0.00102, 50000=0.00088 (EUR)"; VariantName = "[No Variations]"
Change component parameters (AddParameter): Name = "Resistance"; Value = "150kO"; VariantName = "[No Variations]"
Change component parameters (AddParameter): Name = "Resistor type"; Value = "thick film"; VariantName = "[No Variations]"
Change component parameters (AddParameter): Name = "Stock 1"; Value = "6800"; VariantName = "[No Variations]"
Change component parameters (AddParameter): Name = "SuppliedAmount"; Value = "0"; VariantName = "[No Variations]"
Change component parameters (AddParameter): Name = "Supplier 1"; Value = "TME"; VariantName = "[No Variations]"
Change component parameters (AddParameter): Name = "Supplier Part Number 1"; Value = "RC0805JR-07150K"; VariantName = "[No Variations]"
Change component parameters (AddParameter): Name = "Tolerance"; Value = "±5%"; VariantName = "[No Variations]"
Change component parameters (AddParameter): Name = "Unit"; Value = "pcs"; VariantName = "[No Variations]"
Change component parameters (AddParameter): Name = "Weight"; Value = "0.028"; VariantName = "[No Variations]"
Change component parameters: Designator = "R151"; Footprint = "R 0805(2012)"; UniqueID = "\IDVCZODY\AWKFTEMZ"
Change component parameters. Clean all parameters for all variants
Change component parameters (AddParameter): Name = "Case"; Value = "0805"; VariantName = "[No Variations]"
Change component parameters (AddParameter): Name = "Category"; Value = "0805 SMD Resistors"; VariantName = "[No Variations]"
Change component parameters (AddParameter): Name = "ComponentLink1Description"; Value = "http://static.tme.eu/products_pics/6/6/c/66cc5cd64257edd80ca8e9fd2040972d/56038.jpg"; VariantName = "[No Variations]"
Change component parameters (AddParameter): Name = "ComponentLink1URL"; Value = "http://static.tme.eu/products_pics/6/6/c/66cc5cd64257edd80ca8e9fd2040972d/56038.jpg"; VariantName = "[No Variations]"
Change component parameters (AddParameter): Name = "Manufacturer"; Value = "YAGEO"; VariantName = "[No Variations]"
Change component parameters (AddParameter): Name = "Manufacturer Part Number"; Value = "RC0805JR-07330RL"; VariantName = "[No Variations]"
Change component parameters (AddParameter): Name = "Max. operating voltage"; Value = "150V"; VariantName = "[No Variations]"
Change component parameters (AddParameter): Name = "Max. overload voltage"; Value = "300V"; VariantName = "[No Variations]"
Change component parameters (AddParameter): Name = "MinAmount"; Value = "100"; VariantName = "[No Variations]"
Change component parameters (AddParameter): Name = "Mounting"; Value = "SMD"; VariantName = "[No Variations]"
Change component parameters (AddParameter): Name = "Multiples"; Value = "100"; VariantName = "[No Variations]"
Change component parameters (AddParameter): Name = "Operating temperature"; Value = "-55...155°C"; VariantName = "[No Variations]"
Change component parameters (AddParameter): Name = "Power"; Value = "0.125W"; VariantName = "[No Variations]"
Change component parameters (AddParameter): Name = "Price Type"; Value = "NET"; VariantName = "[No Variations]"
Change component parameters (AddParameter): Name = "Pricing 1"; Value = "100=0.00553, 1000=0.00332, 5000=0.00109, 15000=0.001, 50000=0.00086 (EUR)"; VariantName = "[No Variations]"
Change component parameters (AddParameter): Name = "Resistance"; Value = "330O"; VariantName = "[No Variations]"
Change component parameters (AddParameter): Name = "Resistor type"; Value = "thick film"; VariantName = "[No Variations]"
Change component parameters (AddParameter): Name = "Stock 1"; Value = "0"; VariantName = "[No Variations]"
Change component parameters (AddParameter): Name = "SuppliedAmount"; Value = "0"; VariantName = "[No Variations]"
Change component parameters (AddParameter): Name = "Supplier 1"; Value = "TME"; VariantName = "[No Variations]"
Change component parameters (AddParameter): Name = "Supplier Part Number 1"; Value = "RC0805JR-07330R"; VariantName = "[No Variations]"
Change component parameters (AddParameter): Name = "Tolerance"; Value = "±5%"; VariantName = "[No Variations]"
Change component parameters (AddParameter): Name = "Unit"; Value = "pcs"; VariantName = "[No Variations]"
Change component parameters (AddParameter): Name = "Weight"; Value = "0.027"; VariantName = "[No Variations]"
Change component parameters: Designator = "R152"; Footprint = "R 0805(2012)"; UniqueID = "\IDVCZODY\FPDCLMJV"
Change component parameters. Clean all parameters for all variants
Change component parameters (AddParameter): Name = "Case"; Value = "0805"; VariantName = "[No Variations]"
Change component parameters (AddParameter): Name = "Category"; Value = "0805 SMD Resistors"; VariantName = "[No Variations]"
Change component parameters (AddParameter): Name = "ComponentLink1Description"; Value = "http://static.tme.eu/products_pics/6/6/c/66cc5cd64257edd80ca8e9fd2040972d/56038.jpg"; VariantName = "[No Variations]"
Change component parameters (AddParameter): Name = "ComponentLink1URL"; Value = "http://static.tme.eu/products_pics/6/6/c/66cc5cd64257edd80ca8e9fd2040972d/56038.jpg"; VariantName = "[No Variations]"
Change component parameters (AddParameter): Name = "Manufacturer"; Value = "YAGEO"; VariantName = "[No Variations]"
Change component parameters (AddParameter): Name = "Manufacturer Part Number"; Value = "RC0805JR-07330RL"; VariantName = "[No Variations]"
Change component parameters (AddParameter): Name = "Max. operating voltage"; Value = "150V"; VariantName = "[No Variations]"
Change component parameters (AddParameter): Name = "Max. overload voltage"; Value = "300V"; VariantName = "[No Variations]"
Change component parameters (AddParameter): Name = "MinAmount"; Value = "100"; VariantName = "[No Variations]"
Change component parameters (AddParameter): Name = "Mounting"; Value = "SMD"; VariantName = "[No Variations]"
Change component parameters (AddParameter): Name = "Multiples"; Value = "100"; VariantName = "[No Variations]"
Change component parameters (AddParameter): Name = "Operating temperature"; Value = "-55...155°C"; VariantName = "[No Variations]"
Change component parameters (AddParameter): Name = "Power"; Value = "0.125W"; VariantName = "[No Variations]"
Change component parameters (AddParameter): Name = "Price Type"; Value = "NET"; VariantName = "[No Variations]"
Change component parameters (AddParameter): Name = "Pricing 1"; Value = "100=0.00553, 1000=0.00332, 5000=0.00109, 15000=0.001, 50000=0.00086 (EUR)"; VariantName = "[No Variations]"
Change component parameters (AddParameter): Name = "Resistance"; Value = "330O"; VariantName = "[No Variations]"
Change component parameters (AddParameter): Name = "Resistor type"; Value = "thick film"; VariantName = "[No Variations]"
Change component parameters (AddParameter): Name = "Stock 1"; Value = "0"; VariantName = "[No Variations]"
Change component parameters (AddParameter): Name = "SuppliedAmount"; Value = "0"; VariantName = "[No Variations]"
Change component parameters (AddParameter): Name = "Supplier 1"; Value = "TME"; VariantName = "[No Variations]"
Change component parameters (AddParameter): Name = "Supplier Part Number 1"; Value = "RC0805JR-07330R"; VariantName = "[No Variations]"
Change component parameters (AddParameter): Name = "Tolerance"; Value = "±5%"; VariantName = "[No Variations]"
Change component parameters (AddParameter): Name = "Unit"; Value = "pcs"; VariantName = "[No Variations]"
Change component parameters (AddParameter): Name = "Weight"; Value = "0.027"; VariantName = "[No Variations]"
Change component parameters: Designator = "R153"; Footprint = "R 0805(2012)"; UniqueID = "\IDVCZODY\QZNUIYPI"
Change component parameters. Clean all parameters for all variants
Change component parameters (AddParameter): Name = "Case"; Value = "0805"; VariantName = "[No Variations]"
Change component parameters (AddParameter): Name = "Category"; Value = "0805 SMD Resistors"; VariantName = "[No Variations]"
Change component parameters (AddParameter): Name = "ComponentLink1Description"; Value = "http://static.tme.eu/products_pics/6/6/c/66cc5cd64257edd80ca8e9fd2040972d/56038.jpg"; VariantName = "[No Variations]"
Change component parameters (AddParameter): Name = "ComponentLink1URL"; Value = "http://static.tme.eu/products_pics/6/6/c/66cc5cd64257edd80ca8e9fd2040972d/56038.jpg"; VariantName = "[No Variations]"
Change component parameters (AddParameter): Name = "Manufacturer"; Value = "YAGEO"; VariantName = "[No Variations]"
Change component parameters (AddParameter): Name = "Manufacturer Part Number"; Value = "RC0805JR-07150KL"; VariantName = "[No Variations]"
Change component parameters (AddParameter): Name = "Max. operating voltage"; Value = "150V"; VariantName = "[No Variations]"
Change component parameters (AddParameter): Name = "Max. overload voltage"; Value = "300V"; VariantName = "[No Variations]"
Change component parameters (AddParameter): Name = "MinAmount"; Value = "100"; VariantName = "[No Variations]"
Change component parameters (AddParameter): Name = "Mounting"; Value = "SMD"; VariantName = "[No Variations]"
Change component parameters (AddParameter): Name = "Multiples"; Value = "100"; VariantName = "[No Variations]"
Change component parameters (AddParameter): Name = "Operating temperature"; Value = "-55...155°C"; VariantName = "[No Variations]"
Change component parameters (AddParameter): Name = "Power"; Value = "0.125W"; VariantName = "[No Variations]"
Change component parameters (AddParameter): Name = "Price Type"; Value = "NET"; VariantName = "[No Variations]"
Change component parameters (AddParameter): Name = "Pricing 1"; Value = "100=0.00566, 1000=0.0034, 5000=0.00111, 15000=0.00102, 50000=0.00088 (EUR)"; VariantName = "[No Variations]"
Change component parameters (AddParameter): Name = "Resistance"; Value = "150kO"; VariantName = "[No Variations]"
Change component parameters (AddParameter): Name = "Resistor type"; Value = "thick film"; VariantName = "[No Variations]"
Change component parameters (AddParameter): Name = "Stock 1"; Value = "6800"; VariantName = "[No Variations]"
Change component parameters (AddParameter): Name = "SuppliedAmount"; Value = "0"; VariantName = "[No Variations]"
Change component parameters (AddParameter): Name = "Supplier 1"; Value = "TME"; VariantName = "[No Variations]"
Change component parameters (AddParameter): Name = "Supplier Part Number 1"; Value = "RC0805JR-07150K"; VariantName = "[No Variations]"
Change component parameters (AddParameter): Name = "Tolerance"; Value = "±5%"; VariantName = "[No Variations]"
Change component parameters (AddParameter): Name = "Unit"; Value = "pcs"; VariantName = "[No Variations]"
Change component parameters (AddParameter): Name = "Weight"; Value = "0.028"; VariantName = "[No Variations]"
Change component parameters: Designator = "R158"; Footprint = "R 0805(2012)"; UniqueID = "\IDVCZODY\NJGWLXBY"
Change component parameters. Clean all parameters for all variants
Change component parameters (AddParameter): Name = "Case"; Value = "0805"; VariantName = "[No Variations]"
Change component parameters (AddParameter): Name = "Category"; Value = "0805 SMD Resistors"; VariantName = "[No Variations]"
Change component parameters (AddParameter): Name = "ComponentLink1Description"; Value = "http://static.tme.eu/products_pics/6/6/c/66cc5cd64257edd80ca8e9fd2040972d/56038.jpg"; VariantName = "[No Variations]"
Change component parameters (AddParameter): Name = "ComponentLink1URL"; Value = "http://static.tme.eu/products_pics/6/6/c/66cc5cd64257edd80ca8e9fd2040972d/56038.jpg"; VariantName = "[No Variations]"
Change component parameters (AddParameter): Name = "Manufacturer"; Value = "YAGEO"; VariantName = "[No Variations]"
Change component parameters (AddParameter): Name = "Manufacturer Part Number"; Value = "RC0805JR-07330RL"; VariantName = "[No Variations]"
Change component parameters (AddParameter): Name = "Max. operating voltage"; Value = "150V"; VariantName = "[No Variations]"
Change component parameters (AddParameter): Name = "Max. overload voltage"; Value = "300V"; VariantName = "[No Variations]"
Change component parameters (AddParameter): Name = "MinAmount"; Value = "100"; VariantName = "[No Variations]"
Change component parameters (AddParameter): Name = "Mounting"; Value = "SMD"; VariantName = "[No Variations]"
Change component parameters (AddParameter): Name = "Multiples"; Value = "100"; VariantName = "[No Variations]"
Change component parameters (AddParameter): Name = "Operating temperature"; Value = "-55...155°C"; VariantName = "[No Variations]"
Change component parameters (AddParameter): Name = "Power"; Value = "0.125W"; VariantName = "[No Variations]"
Change component parameters (AddParameter): Name = "Price Type"; Value = "NET"; VariantName = "[No Variations]"
Change component parameters (AddParameter): Name = "Pricing 1"; Value = "100=0.00553, 1000=0.00332, 5000=0.00109, 15000=0.001, 50000=0.00086 (EUR)"; VariantName = "[No Variations]"
Change component parameters (AddParameter): Name = "Resistance"; Value = "330O"; VariantName = "[No Variations]"
Change component parameters (AddParameter): Name = "Resistor type"; Value = "thick film"; VariantName = "[No Variations]"
Change component parameters (AddParameter): Name = "Stock 1"; Value = "0"; VariantName = "[No Variations]"
Change component parameters (AddParameter): Name = "SuppliedAmount"; Value = "0"; VariantName = "[No Variations]"
Change component parameters (AddParameter): Name = "Supplier 1"; Value = "TME"; VariantName = "[No Variations]"
Change component parameters (AddParameter): Name = "Supplier Part Number 1"; Value = "RC0805JR-07330R"; VariantName = "[No Variations]"
Change component parameters (AddParameter): Name = "Tolerance"; Value = "±5%"; VariantName = "[No Variations]"
Change component parameters (AddParameter): Name = "Unit"; Value = "pcs"; VariantName = "[No Variations]"
Change component parameters (AddParameter): Name = "Weight"; Value = "0.027"; VariantName = "[No Variations]"
Change component parameters: Designator = "R159"; Footprint = "R 0805(2012)"; UniqueID = "\IDVCZODY\AXUTQRZR"
Change component parameters. Clean all parameters for all variants
Change component parameters (AddParameter): Name = "Case"; Value = "0805"; VariantName = "[No Variations]"
Change component parameters (AddParameter): Name = "Category"; Value = "0805 SMD Resistors"; VariantName = "[No Variations]"
Change component parameters (AddParameter): Name = "ComponentLink1Description"; Value = "http://static.tme.eu/products_pics/6/6/c/66cc5cd64257edd80ca8e9fd2040972d/56038.jpg"; VariantName = "[No Variations]"
Change component parameters (AddParameter): Name = "ComponentLink1URL"; Value = "http://static.tme.eu/products_pics/6/6/c/66cc5cd64257edd80ca8e9fd2040972d/56038.jpg"; VariantName = "[No Variations]"
Change component parameters (AddParameter): Name = "Manufacturer"; Value = "YAGEO"; VariantName = "[No Variations]"
Change component parameters (AddParameter): Name = "Manufacturer Part Number"; Value = "RC0805JR-07330RL"; VariantName = "[No Variations]"
Change component parameters (AddParameter): Name = "Max. operating voltage"; Value = "150V"; VariantName = "[No Variations]"
Change component parameters (AddParameter): Name = "Max. overload voltage"; Value = "300V"; VariantName = "[No Variations]"
Change component parameters (AddParameter): Name = "MinAmount"; Value = "100"; VariantName = "[No Variations]"
Change component parameters (AddParameter): Name = "Mounting"; Value = "SMD"; VariantName = "[No Variations]"
Change component parameters (AddParameter): Name = "Multiples"; Value = "100"; VariantName = "[No Variations]"
Change component parameters (AddParameter): Name = "Operating temperature"; Value = "-55...155°C"; VariantName = "[No Variations]"
Change component parameters (AddParameter): Name = "Power"; Value = "0.125W"; VariantName = "[No Variations]"
Change component parameters (AddParameter): Name = "Price Type"; Value = "NET"; VariantName = "[No Variations]"
Change component parameters (AddParameter): Name = "Pricing 1"; Value = "100=0.00553, 1000=0.00332, 5000=0.00109, 15000=0.001, 50000=0.00086 (EUR)"; VariantName = "[No Variations]"
Change component parameters (AddParameter): Name = "Resistance"; Value = "330O"; VariantName = "[No Variations]"
Change component parameters (AddParameter): Name = "Resistor type"; Value = "thick film"; VariantName = "[No Variations]"
Change component parameters (AddParameter): Name = "Stock 1"; Value = "0"; VariantName = "[No Variations]"
Change component parameters (AddParameter): Name = "SuppliedAmount"; Value = "0"; VariantName = "[No Variations]"
Change component parameters (AddParameter): Name = "Supplier 1"; Value = "TME"; VariantName = "[No Variations]"
Change component parameters (AddParameter): Name = "Supplier Part Number 1"; Value = "RC0805JR-07330R"; VariantName = "[No Variations]"
Change component parameters (AddParameter): Name = "Tolerance"; Value = "±5%"; VariantName = "[No Variations]"
Change component parameters (AddParameter): Name = "Unit"; Value = "pcs"; VariantName = "[No Variations]"
Change component parameters (AddParameter): Name = "Weight"; Value = "0.027"; VariantName = "[No Variations]"
Change component parameters: Designator = "R160"; Footprint = "R 0805(2012)"; UniqueID = "\IDVCZODY\HNVMOOFI"
Change component parameters. Clean all parameters for all variants
Change component parameters (AddParameter): Name = "Case"; Value = "0805"; VariantName = "[No Variations]"
Change component parameters (AddParameter): Name = "Category"; Value = "0805 SMD Resistors"; VariantName = "[No Variations]"
Change component parameters (AddParameter): Name = "ComponentLink1Description"; Value = "http://static.tme.eu/products_pics/6/6/c/66cc5cd64257edd80ca8e9fd2040972d/56038.jpg"; VariantName = "[No Variations]"
Change component parameters (AddParameter): Name = "ComponentLink1URL"; Value = "http://static.tme.eu/products_pics/6/6/c/66cc5cd64257edd80ca8e9fd2040972d/56038.jpg"; VariantName = "[No Variations]"
Change component parameters (AddParameter): Name = "Manufacturer"; Value = "YAGEO"; VariantName = "[No Variations]"
Change component parameters (AddParameter): Name = "Manufacturer Part Number"; Value = "RC0805JR-07150KL"; VariantName = "[No Variations]"
Change component parameters (AddParameter): Name = "Max. operating voltage"; Value = "150V"; VariantName = "[No Variations]"
Change component parameters (AddParameter): Name = "Max. overload voltage"; Value = "300V"; VariantName = "[No Variations]"
Change component parameters (AddParameter): Name = "MinAmount"; Value = "100"; VariantName = "[No Variations]"
Change component parameters (AddParameter): Name = "Mounting"; Value = "SMD"; VariantName = "[No Variations]"
Change component parameters (AddParameter): Name = "Multiples"; Value = "100"; VariantName = "[No Variations]"
Change component parameters (AddParameter): Name = "Operating temperature"; Value = "-55...155°C"; VariantName = "[No Variations]"
Change component parameters (AddParameter): Name = "Power"; Value = "0.125W"; VariantName = "[No Variations]"
Change component parameters (AddParameter): Name = "Price Type"; Value = "NET"; VariantName = "[No Variations]"
Change component parameters (AddParameter): Name = "Pricing 1"; Value = "100=0.00566, 1000=0.0034, 5000=0.00111, 15000=0.00102, 50000=0.00088 (EUR)"; VariantName = "[No Variations]"
Change component parameters (AddParameter): Name = "Resistance"; Value = "150kO"; VariantName = "[No Variations]"
Change component parameters (AddParameter): Name = "Resistor type"; Value = "thick film"; VariantName = "[No Variations]"
Change component parameters (AddParameter): Name = "Stock 1"; Value = "6800"; VariantName = "[No Variations]"
Change component parameters (AddParameter): Name = "SuppliedAmount"; Value = "0"; VariantName = "[No Variations]"
Change component parameters (AddParameter): Name = "Supplier 1"; Value = "TME"; VariantName = "[No Variations]"
Change component parameters (AddParameter): Name = "Supplier Part Number 1"; Value = "RC0805JR-07150K"; VariantName = "[No Variations]"
Change component parameters (AddParameter): Name = "Tolerance"; Value = "±5%"; VariantName = "[No Variations]"
Change component parameters (AddParameter): Name = "Unit"; Value = "pcs"; VariantName = "[No Variations]"
Change component parameters (AddParameter): Name = "Weight"; Value = "0.028"; VariantName = "[No Variations]"
Change component parameters: Designator = "Q43"; Footprint = "to220v"; UniqueID = "\IDVCZODY\DASPLWUV"
Change component parameters. Clean all parameters for all variants
Change component parameters (AddParameter): Name = "Case/Package"; Value = "TO-220AB"; VariantName = "[No Variations]"
Change component parameters (AddParameter): Name = "Category"; Value = "TRIACs"; VariantName = "[No Variations]"
Change component parameters (AddParameter): Name = "ComponentLink1Description"; Value = "Manufacturer Link"; VariantName = "[No Variations]"
Change component parameters (AddParameter): Name = "ComponentLink1URL"; Value = "http://www.motorola.com/"; VariantName = "[No Variations]"
Change component parameters (AddParameter): Name = "ComponentLink2Description"; Value = "https://datasheet.ciiva.com/23712/1758174-23712705.pdf?src-supplier=Newark"; VariantName = "[No Variations]"
Change component parameters (AddParameter): Name = "ComponentLink2URL"; Value = "https://datasheet.ciiva.com/23712/1758174-23712705.pdf?src-supplier=Newark"; VariantName = "[No Variations]"
Change component parameters (AddParameter): Name = "ComponentLink3Description"; Value = "https://datasheet.ciiva.com/15140/getdatasheetpartid-252392-15140665.pdf?src-supplier=Verical"; VariantName = "[No Variations]"
Change component parameters (AddParameter): Name = "ComponentLink3URL"; Value = "https://datasheet.ciiva.com/15140/getdatasheetpartid-252392-15140665.pdf?src-supplier=Verical"; VariantName = "[No Variations]"
Change component parameters (AddParameter): Name = "ComponentLink4Description"; Value = "https://datasheet.ciiva.com/992/bt137-600d-992430.pdf?src-supplier=Digi-Key"; VariantName = "[No Variations]"
Change component parameters (AddParameter): Name = "ComponentLink4URL"; Value = "https://datasheet.ciiva.com/992/bt137-600d-992430.pdf?src-supplier=Digi-Key"; VariantName = "[No Variations]"
Change component parameters (AddParameter): Name = "ComponentLink5Description"; Value = "https://datasheet.ciiva.com/4748/bt137-600d-4748635.pdf?src-supplier=Mouser"; VariantName = "[No Variations]"
Change component parameters (AddParameter): Name = "ComponentLink5URL"; Value = "https://datasheet.ciiva.com/4748/bt137-600d-4748635.pdf?src-supplier=Mouser"; VariantName = "[No Variations]"
Change component parameters (AddParameter): Name = "Contact Plating"; Value = "Tin"; VariantName = "[No Variations]"
Change component parameters (AddParameter): Name = "Element Configuration"; Value = "Single"; VariantName = "[No Variations]"
Change component parameters (AddParameter): Name = "Height"; Value = "9.4mm"; VariantName = "[No Variations]"
Change component parameters (AddParameter): Name = "Hold Current"; Value = "10mA"; VariantName = "[No Variations]"
Change component parameters (AddParameter): Name = "Lead Free"; Value = "Lead Free"; VariantName = "[No Variations]"
Change component parameters (AddParameter): Name = "Length"; Value = "10.3mm"; VariantName = "[No Variations]"
Change component parameters (AddParameter): Name = "Manufacturer 1"; Value = "NXP Semiconductors"; VariantName = "[No Variations]"
Change component parameters (AddParameter): Name = "Manufacturer Part Number 1"; Value = "BT137-600D,127"; VariantName = "[No Variations]"
Change component parameters (AddParameter): Name = "Max Operating Temperature"; Value = "125°C"; VariantName = "[No Variations]"
Change component parameters (AddParameter): Name = "Max Repetitive Reverse Voltage (Vrrm)"; Value = "600V"; VariantName = "[No Variations]"
Change component parameters (AddParameter): Name = "Min Operating Temperature"; Value = "-40°C"; VariantName = "[No Variations]"
Change component parameters (AddParameter): Name = "Mount"; Value = "Through Hole"; VariantName = "[No Variations]"
Change component parameters (AddParameter): Name = "Number of Pins"; Value = "3"; VariantName = "[No Variations]"
Change component parameters (AddParameter): Name = "Package Quantity"; Value = "1000"; VariantName = "[No Variations]"
Change component parameters (AddParameter): Name = "Packaging"; Value = "Rail/Tube"; VariantName = "[No Variations]"
Change component parameters (AddParameter): Name = "Pricing 1"; Value = "1=0,72800, 10=0,58000, 100=0,33700, 250=0,30000, 500=0,26500, 1000=0,22800, 5000=0,22000 (EUR)"; VariantName = "[No Variations]"
Change component parameters (AddParameter): Name = "Radiation Hardening"; Value = "No"; VariantName = "[No Variations]"
Change component parameters (AddParameter): Name = "RMS Current (Irms)"; Value = "8A"; VariantName = "[No Variations]"
Change component parameters (AddParameter): Name = "RoHS"; Value = "Yes"; VariantName = "[No Variations]"
Change component parameters (AddParameter): Name = "Stock 1"; Value = "4578"; VariantName = "[No Variations]"
Change component parameters (AddParameter): Name = "Supplier 1"; Value = "Farnell"; VariantName = "[No Variations]"
Change component parameters (AddParameter): Name = "Supplier Part Number 1"; Value = "2902345"; VariantName = "[No Variations]"
Change component parameters (AddParameter): Name = "Weight"; Value = "0.211644oz"; VariantName = "[No Variations]"
Change component parameters (AddParameter): Name = "Width"; Value = "4.7mm"; VariantName = "[No Variations]"
Change component parameters: Designator = "Q45"; Footprint = "to220v"; UniqueID = "\IDVCZODY\HAFIALVB"
Change component parameters. Clean all parameters for all variants
Change component parameters (AddParameter): Name = "Case/Package"; Value = "TO-220AB"; VariantName = "[No Variations]"
Change component parameters (AddParameter): Name = "Category"; Value = "TRIACs"; VariantName = "[No Variations]"
Change component parameters (AddParameter): Name = "ComponentLink1Description"; Value = "Manufacturer Link"; VariantName = "[No Variations]"
Change component parameters (AddParameter): Name = "ComponentLink1URL"; Value = "http://www.motorola.com/"; VariantName = "[No Variations]"
Change component parameters (AddParameter): Name = "ComponentLink2Description"; Value = "https://datasheet.ciiva.com/23712/1758174-23712705.pdf?src-supplier=Newark"; VariantName = "[No Variations]"
Change component parameters (AddParameter): Name = "ComponentLink2URL"; Value = "https://datasheet.ciiva.com/23712/1758174-23712705.pdf?src-supplier=Newark"; VariantName = "[No Variations]"
Change component parameters (AddParameter): Name = "ComponentLink3Description"; Value = "https://datasheet.ciiva.com/15140/getdatasheetpartid-252392-15140665.pdf?src-supplier=Verical"; VariantName = "[No Variations]"
Change component parameters (AddParameter): Name = "ComponentLink3URL"; Value = "https://datasheet.ciiva.com/15140/getdatasheetpartid-252392-15140665.pdf?src-supplier=Verical"; VariantName = "[No Variations]"
Change component parameters (AddParameter): Name = "ComponentLink4Description"; Value = "https://datasheet.ciiva.com/992/bt137-600d-992430.pdf?src-supplier=Digi-Key"; VariantName = "[No Variations]"
Change component parameters (AddParameter): Name = "ComponentLink4URL"; Value = "https://datasheet.ciiva.com/992/bt137-600d-992430.pdf?src-supplier=Digi-Key"; VariantName = "[No Variations]"
Change component parameters (AddParameter): Name = "ComponentLink5Description"; Value = "https://datasheet.ciiva.com/4748/bt137-600d-4748635.pdf?src-supplier=Mouser"; VariantName = "[No Variations]"
Change component parameters (AddParameter): Name = "ComponentLink5URL"; Value = "https://datasheet.ciiva.com/4748/bt137-600d-4748635.pdf?src-supplier=Mouser"; VariantName = "[No Variations]"
Change component parameters (AddParameter): Name = "Contact Plating"; Value = "Tin"; VariantName = "[No Variations]"
Change component parameters (AddParameter): Name = "Element Configuration"; Value = "Single"; VariantName = "[No Variations]"
Change component parameters (AddParameter): Name = "Height"; Value = "9.4mm"; VariantName = "[No Variations]"
Change component parameters (AddParameter): Name = "Hold Current"; Value = "10mA"; VariantName = "[No Variations]"
Change component parameters (AddParameter): Name = "Lead Free"; Value = "Lead Free"; VariantName = "[No Variations]"
Change component parameters (AddParameter): Name = "Length"; Value = "10.3mm"; VariantName = "[No Variations]"
Change component parameters (AddParameter): Name = "Manufacturer 1"; Value = "NXP Semiconductors"; VariantName = "[No Variations]"
Change component parameters (AddParameter): Name = "Manufacturer Part Number 1"; Value = "BT137-600D,127"; VariantName = "[No Variations]"
Change component parameters (AddParameter): Name = "Max Operating Temperature"; Value = "125°C"; VariantName = "[No Variations]"
Change component parameters (AddParameter): Name = "Max Repetitive Reverse Voltage (Vrrm)"; Value = "600V"; VariantName = "[No Variations]"
Change component parameters (AddParameter): Name = "Min Operating Temperature"; Value = "-40°C"; VariantName = "[No Variations]"
Change component parameters (AddParameter): Name = "Mount"; Value = "Through Hole"; VariantName = "[No Variations]"
Change component parameters (AddParameter): Name = "Number of Pins"; Value = "3"; VariantName = "[No Variations]"
Change component parameters (AddParameter): Name = "Package Quantity"; Value = "1000"; VariantName = "[No Variations]"
Change component parameters (AddParameter): Name = "Packaging"; Value = "Rail/Tube"; VariantName = "[No Variations]"
Change component parameters (AddParameter): Name = "Pricing 1"; Value = "1=0,72800, 10=0,58000, 100=0,33700, 250=0,30000, 500=0,26500, 1000=0,22800, 5000=0,22000 (EUR)"; VariantName = "[No Variations]"
Change component parameters (AddParameter): Name = "Radiation Hardening"; Value = "No"; VariantName = "[No Variations]"
Change component parameters (AddParameter): Name = "RMS Current (Irms)"; Value = "8A"; VariantName = "[No Variations]"
Change component parameters (AddParameter): Name = "RoHS"; Value = "Yes"; VariantName = "[No Variations]"
Change component parameters (AddParameter): Name = "Stock 1"; Value = "4578"; VariantName = "[No Variations]"
Change component parameters (AddParameter): Name = "Supplier 1"; Value = "Farnell"; VariantName = "[No Variations]"
Change component parameters (AddParameter): Name = "Supplier Part Number 1"; Value = "2902345"; VariantName = "[No Variations]"
Change component parameters (AddParameter): Name = "Weight"; Value = "0.211644oz"; VariantName = "[No Variations]"
Change component parameters (AddParameter): Name = "Width"; Value = "4.7mm"; VariantName = "[No Variations]"
Added Pin To Net: NetName=NetP22_1 Pin=Q43-2
Added Pin To Net: NetName=NetP24_1 Pin=Q45-2
