Removed Pin From Net: NetName=BTN MOTOR 2_5 Pin=U3-3
Removed Pin From Net: NetName=BTN MOTOR 3_5 Pin=U3-4
Removed Pin From Net: NetName=BTNRTN Pin=U3-29
Removed Pin From Net: NetName=SHIFT_5 Pin=U3-99
Removed Pin From Net: NetName=BTN MOTOR 1_5 Pin=U3-100
Added Component: Designator=R157(R 0805(2012))
Add component (AddParameter): Name = "Coefficient de température"; Value = "± 100"; VariantName = "[No Variations]"
Add component (AddParameter): Name = "ComponentLink1Description"; Value = "http://www.farnell.com/datasheets/1716700.pdf"; VariantName = "[No Variations]"
Add component (AddParameter): Name = "ComponentLink1URL"; Value = "http://www.farnell.com/datasheets/1716700.pdf"; VariantName = "[No Variations]"
Add component (AddParameter): Name = "Manufacturer"; Value = "MULTICOMP"; VariantName = "[No Variations]"
Add component (AddParameter): Name = "Manufacturer Part Number"; Value = "MC0.1W08051%1KFR"; VariantName = "[No Variations]"
Add component (AddParameter): Name = "MSL"; Value = "MSL 1 - Illimité"; VariantName = "[No Variations]"
Add component (AddParameter): Name = "Pricing 1"; Value = "5000=0,001 (EUR)"; VariantName = "[No Variations]"
Add component (AddParameter): Name = "Product Range"; Value = "MULTICOMP - MC Series"; VariantName = "[No Variations]"
Add component (AddParameter): Name = "Puissance"; Value = "100"; VariantName = "[No Variations]"
Add component (AddParameter): Name = "Resistor Mounting"; Value = "CMS"; VariantName = "[No Variations]"
Add component (AddParameter): Name = "RoHS"; Value = "YES"; VariantName = "[No Variations]"
Add component (AddParameter): Name = "Résistance"; Value = "1"; VariantName = "[No Variations]"
Add component (AddParameter): Name = "Supplier 1"; Value = "Farnell"; VariantName = "[No Variations]"
Add component (AddParameter): Name = "Supplier Part Number 1"; Value = "2129113"; VariantName = "[No Variations]"
Add component (AddParameter): Name = "Tension"; Value = "150"; VariantName = "[No Variations]"
Add component (AddParameter): Name = "Tolérance de résistance"; Value = "± 1%"; VariantName = "[No Variations]"
Add component (AddParameter): Name = "Type de boîtier de résistance"; Value = "0805"; VariantName = "[No Variations]"
Add component (AddParameter): Name = "Type de packaging"; Value = "Full Reel"; VariantName = "[No Variations]"
Add component (AddParameter): Name = "Type de résistance"; Value = "Couche épaisse"; VariantName = "[No Variations]"
Added Component: Designator=R187(R 0805(2012))
Add component (AddParameter): Name = "Coefficient de température"; Value = "± 100"; VariantName = "[No Variations]"
Add component (AddParameter): Name = "ComponentLink1Description"; Value = "http://www.farnell.com/datasheets/1716700.pdf"; VariantName = "[No Variations]"
Add component (AddParameter): Name = "ComponentLink1URL"; Value = "http://www.farnell.com/datasheets/1716700.pdf"; VariantName = "[No Variations]"
Add component (AddParameter): Name = "Manufacturer"; Value = "MULTICOMP"; VariantName = "[No Variations]"
Add component (AddParameter): Name = "Manufacturer Part Number"; Value = "MC0.1W08051%1KFR"; VariantName = "[No Variations]"
Add component (AddParameter): Name = "MSL"; Value = "MSL 1 - Illimité"; VariantName = "[No Variations]"
Add component (AddParameter): Name = "Pricing 1"; Value = "5000=0,001 (EUR)"; VariantName = "[No Variations]"
Add component (AddParameter): Name = "Product Range"; Value = "MULTICOMP - MC Series"; VariantName = "[No Variations]"
Add component (AddParameter): Name = "Puissance"; Value = "100"; VariantName = "[No Variations]"
Add component (AddParameter): Name = "Resistor Mounting"; Value = "CMS"; VariantName = "[No Variations]"
Add component (AddParameter): Name = "RoHS"; Value = "YES"; VariantName = "[No Variations]"
Add component (AddParameter): Name = "Résistance"; Value = "1"; VariantName = "[No Variations]"
Add component (AddParameter): Name = "Supplier 1"; Value = "Farnell"; VariantName = "[No Variations]"
Add component (AddParameter): Name = "Supplier Part Number 1"; Value = "2129113"; VariantName = "[No Variations]"
Add component (AddParameter): Name = "Tension"; Value = "150"; VariantName = "[No Variations]"
Add component (AddParameter): Name = "Tolérance de résistance"; Value = "± 1%"; VariantName = "[No Variations]"
Add component (AddParameter): Name = "Type de boîtier de résistance"; Value = "0805"; VariantName = "[No Variations]"
Add component (AddParameter): Name = "Type de packaging"; Value = "Full Reel"; VariantName = "[No Variations]"
Add component (AddParameter): Name = "Type de résistance"; Value = "Couche épaisse"; VariantName = "[No Variations]"
Added Component: Designator=R188(R 0805(2012))
Add component (AddParameter): Name = "Coefficient de température"; Value = "± 100"; VariantName = "[No Variations]"
Add component (AddParameter): Name = "ComponentLink1Description"; Value = "http://www.farnell.com/datasheets/1716700.pdf"; VariantName = "[No Variations]"
Add component (AddParameter): Name = "ComponentLink1URL"; Value = "http://www.farnell.com/datasheets/1716700.pdf"; VariantName = "[No Variations]"
Add component (AddParameter): Name = "Manufacturer"; Value = "MULTICOMP"; VariantName = "[No Variations]"
Add component (AddParameter): Name = "Manufacturer Part Number"; Value = "MC0.1W08051%1KFR"; VariantName = "[No Variations]"
Add component (AddParameter): Name = "MSL"; Value = "MSL 1 - Illimité"; VariantName = "[No Variations]"
Add component (AddParameter): Name = "Pricing 1"; Value = "5000=0,001 (EUR)"; VariantName = "[No Variations]"
Add component (AddParameter): Name = "Product Range"; Value = "MULTICOMP - MC Series"; VariantName = "[No Variations]"
Add component (AddParameter): Name = "Puissance"; Value = "100"; VariantName = "[No Variations]"
Add component (AddParameter): Name = "Resistor Mounting"; Value = "CMS"; VariantName = "[No Variations]"
Add component (AddParameter): Name = "RoHS"; Value = "YES"; VariantName = "[No Variations]"
Add component (AddParameter): Name = "Résistance"; Value = "1"; VariantName = "[No Variations]"
Add component (AddParameter): Name = "Supplier 1"; Value = "Farnell"; VariantName = "[No Variations]"
Add component (AddParameter): Name = "Supplier Part Number 1"; Value = "2129113"; VariantName = "[No Variations]"
Add component (AddParameter): Name = "Tension"; Value = "150"; VariantName = "[No Variations]"
Add component (AddParameter): Name = "Tolérance de résistance"; Value = "± 1%"; VariantName = "[No Variations]"
Add component (AddParameter): Name = "Type de boîtier de résistance"; Value = "0805"; VariantName = "[No Variations]"
Add component (AddParameter): Name = "Type de packaging"; Value = "Full Reel"; VariantName = "[No Variations]"
Add component (AddParameter): Name = "Type de résistance"; Value = "Couche épaisse"; VariantName = "[No Variations]"
Added Component: Designator=R189(R 0805(2012))
Add component (AddParameter): Name = "Coefficient de température"; Value = "± 100"; VariantName = "[No Variations]"
Add component (AddParameter): Name = "ComponentLink1Description"; Value = "http://www.farnell.com/datasheets/1716700.pdf"; VariantName = "[No Variations]"
Add component (AddParameter): Name = "ComponentLink1URL"; Value = "http://www.farnell.com/datasheets/1716700.pdf"; VariantName = "[No Variations]"
Add component (AddParameter): Name = "Manufacturer"; Value = "MULTICOMP"; VariantName = "[No Variations]"
Add component (AddParameter): Name = "Manufacturer Part Number"; Value = "MC0.1W08051%1KFR"; VariantName = "[No Variations]"
Add component (AddParameter): Name = "MSL"; Value = "MSL 1 - Illimité"; VariantName = "[No Variations]"
Add component (AddParameter): Name = "Pricing 1"; Value = "5000=0,001 (EUR)"; VariantName = "[No Variations]"
Add component (AddParameter): Name = "Product Range"; Value = "MULTICOMP - MC Series"; VariantName = "[No Variations]"
Add component (AddParameter): Name = "Puissance"; Value = "100"; VariantName = "[No Variations]"
Add component (AddParameter): Name = "Resistor Mounting"; Value = "CMS"; VariantName = "[No Variations]"
Add component (AddParameter): Name = "RoHS"; Value = "YES"; VariantName = "[No Variations]"
Add component (AddParameter): Name = "Résistance"; Value = "1"; VariantName = "[No Variations]"
Add component (AddParameter): Name = "Supplier 1"; Value = "Farnell"; VariantName = "[No Variations]"
Add component (AddParameter): Name = "Supplier Part Number 1"; Value = "2129113"; VariantName = "[No Variations]"
Add component (AddParameter): Name = "Tension"; Value = "150"; VariantName = "[No Variations]"
Add component (AddParameter): Name = "Tolérance de résistance"; Value = "± 1%"; VariantName = "[No Variations]"
Add component (AddParameter): Name = "Type de boîtier de résistance"; Value = "0805"; VariantName = "[No Variations]"
Add component (AddParameter): Name = "Type de packaging"; Value = "Full Reel"; VariantName = "[No Variations]"
Add component (AddParameter): Name = "Type de résistance"; Value = "Couche épaisse"; VariantName = "[No Variations]"
Added Component: Designator=R190(R 0805(2012))
Add component (AddParameter): Name = "Coefficient de température"; Value = "± 100"; VariantName = "[No Variations]"
Add component (AddParameter): Name = "ComponentLink1Description"; Value = "http://www.farnell.com/datasheets/1716700.pdf"; VariantName = "[No Variations]"
Add component (AddParameter): Name = "ComponentLink1URL"; Value = "http://www.farnell.com/datasheets/1716700.pdf"; VariantName = "[No Variations]"
Add component (AddParameter): Name = "Manufacturer"; Value = "MULTICOMP"; VariantName = "[No Variations]"
Add component (AddParameter): Name = "Manufacturer Part Number"; Value = "MC0.1W08051%1KFR"; VariantName = "[No Variations]"
Add component (AddParameter): Name = "MSL"; Value = "MSL 1 - Illimité"; VariantName = "[No Variations]"
Add component (AddParameter): Name = "Pricing 1"; Value = "5000=0,001 (EUR)"; VariantName = "[No Variations]"
Add component (AddParameter): Name = "Product Range"; Value = "MULTICOMP - MC Series"; VariantName = "[No Variations]"
Add component (AddParameter): Name = "Puissance"; Value = "100"; VariantName = "[No Variations]"
Add component (AddParameter): Name = "Resistor Mounting"; Value = "CMS"; VariantName = "[No Variations]"
Add component (AddParameter): Name = "RoHS"; Value = "YES"; VariantName = "[No Variations]"
Add component (AddParameter): Name = "Résistance"; Value = "1"; VariantName = "[No Variations]"
Add component (AddParameter): Name = "Supplier 1"; Value = "Farnell"; VariantName = "[No Variations]"
Add component (AddParameter): Name = "Supplier Part Number 1"; Value = "2129113"; VariantName = "[No Variations]"
Add component (AddParameter): Name = "Tension"; Value = "150"; VariantName = "[No Variations]"
Add component (AddParameter): Name = "Tolérance de résistance"; Value = "± 1%"; VariantName = "[No Variations]"
Add component (AddParameter): Name = "Type de boîtier de résistance"; Value = "0805"; VariantName = "[No Variations]"
Add component (AddParameter): Name = "Type de packaging"; Value = "Full Reel"; VariantName = "[No Variations]"
Add component (AddParameter): Name = "Type de résistance"; Value = "Couche épaisse"; VariantName = "[No Variations]"
Added Pin To Net: NetName=SHIFT_5 Pin=R157-1
Added Pin To Net: NetName=BTN MOTOR 1_5 Pin=R187-1
Added Pin To Net: NetName=BTN MOTOR 2_5 Pin=R188-1
Added Pin To Net: NetName=BTN MOTOR 3_5 Pin=R189-1
Added Pin To Net: NetName=BTNRTN Pin=R190-1
Change Net Name : Old Net Name=BTN MOTOR 1_5 New Net Name=NetC23_2
Change Net Name : Old Net Name=BTN MOTOR 2_5 New Net Name=NetC24_2
Change Net Name : Old Net Name=BTN MOTOR 3_5 New Net Name=NetC34_2
Change Net Name : Old Net Name=BTNRTN New Net Name=NetC52_2
Change Net Name : Old Net Name=SHIFT_5 New Net Name=NetC19_2
Added Pin To Net: NetName=BTN MOTOR 1_5 Pin=R187-2
Added Pin To Net: NetName=BTN MOTOR 1_5 Pin=U3-100
Added Net: Name=BTN MOTOR 1_5
Added Pin To Net: NetName=BTN MOTOR 2_5 Pin=R188-2
Added Pin To Net: NetName=BTN MOTOR 2_5 Pin=U3-3
Added Net: Name=BTN MOTOR 2_5
Added Pin To Net: NetName=BTN MOTOR 3_5 Pin=R189-2
Added Pin To Net: NetName=BTN MOTOR 3_5 Pin=U3-4
Added Net: Name=BTN MOTOR 3_5
Added Pin To Net: NetName=BTNRTN Pin=R190-2
Added Pin To Net: NetName=BTNRTN Pin=U3-29
Added Net: Name=BTNRTN
Added Pin To Net: NetName=SHIFT_5 Pin=R157-2
Added Pin To Net: NetName=SHIFT_5 Pin=U3-99
Added Net: Name=SHIFT_5
Added Member To Class: ClassName=U_MCU Member=Component R157 1K
Added Member To Class: ClassName=U_MCU Member=Component R187 1K
Added Member To Class: ClassName=U_MCU Member=Component R188 1K
Added Member To Class: ClassName=U_MCU Member=Component R189 1K
Added Member To Class: ClassName=U_COIN RETURN_A Member=Component R190 1K
