Change component parameters: Designator = "R38" ("R38"); Footprint = "R 0805(2012)"; UniqueID = "\BVUEXSFK\EYOUQTYO" ("\BVUEXSFK\EYOUQTYO")
Change component parameters (AddParameter): Name = "Case"; Value = "0805"; VariantName = "[No Variations]"
Change component parameters (AddParameter): Name = "Category"; Value = "0805 SMD Resistors"; VariantName = "[No Variations]"
Change component parameters (AddParameter): Name = "ComponentLink1Description"; Value = "http://static.tme.eu/products_pics/6/6/c/66cc5cd64257edd80ca8e9fd2040972d/56038.jpg"; VariantName = "[No Variations]"
Change component parameters (AddParameter): Name = "ComponentLink1URL"; Value = "http://static.tme.eu/products_pics/6/6/c/66cc5cd64257edd80ca8e9fd2040972d/56038.jpg"; VariantName = "[No Variations]"
Change component parameters (AddParameter): Name = "Manufacturer"; Value = "YAGEO"; VariantName = "[No Variations]"
Change component parameters (AddParameter): Name = "Manufacturer Part Number"; Value = "RC0805JR-07330RL"; VariantName = "[No Variations]"
Change component parameters (AddParameter): Name = "Max. operating voltage"; Value = "150V"; VariantName = "[No Variations]"
Change component parameters (AddParameter): Name = "Max. overload voltage"; Value = "300V"; VariantName = "[No Variations]"
Change component parameters (AddParameter): Name = "MinAmount"; Value = "100"; VariantName = "[No Variations]"
Change component parameters (AddParameter): Name = "Mounting"; Value = "SMD"; VariantName = "[No Variations]"
Change component parameters (AddParameter): Name = "Multiples"; Value = "100"; VariantName = "[No Variations]"
Change component parameters (AddParameter): Name = "Operating temperature"; Value = "-55...155°C"; VariantName = "[No Variations]"
Change component parameters (AddParameter): Name = "Power"; Value = "0.125W"; VariantName = "[No Variations]"
Change component parameters (AddParameter): Name = "Price Type"; Value = "NET"; VariantName = "[No Variations]"
Change component parameters (AddParameter): Name = "Pricing 1"; Value = "100=0.00553, 1000=0.00332, 5000=0.00109, 15000=0.001, 50000=0.00086 (EUR)"; VariantName = "[No Variations]"
Change component parameters (AddParameter): Name = "Resistance"; Value = "330O"; VariantName = "[No Variations]"
Change component parameters (AddParameter): Name = "Resistor type"; Value = "thick film"; VariantName = "[No Variations]"
Change component parameters (AddParameter): Name = "Stock 1"; Value = "0"; VariantName = "[No Variations]"
Change component parameters (AddParameter): Name = "SuppliedAmount"; Value = "0"; VariantName = "[No Variations]"
Change component parameters (AddParameter): Name = "Supplier 1"; Value = "TME"; VariantName = "[No Variations]"
Change component parameters (AddParameter): Name = "Supplier Part Number 1"; Value = "RC0805JR-07330R"; VariantName = "[No Variations]"
Change component parameters (AddParameter): Name = "Tolerance"; Value = "±5%"; VariantName = "[No Variations]"
Change component parameters (AddParameter): Name = "Unit"; Value = "pcs"; VariantName = "[No Variations]"
Change component parameters (AddParameter): Name = "Weight"; Value = "0.027"; VariantName = "[No Variations]"
Change component parameters: Designator = "R49" ("R49"); Footprint = "R 0805(2012)"; UniqueID = "\OCXSBQBR\DGGHBJTP" ("\OCXSBQBR\DGGHBJTP")
Change component parameters (AddParameter): Name = "Case"; Value = "0805"; VariantName = "[No Variations]"
Change component parameters (AddParameter): Name = "Category"; Value = "0805 SMD Resistors"; VariantName = "[No Variations]"
Change component parameters (AddParameter): Name = "ComponentLink1Description"; Value = "http://static.tme.eu/products_pics/6/6/c/66cc5cd64257edd80ca8e9fd2040972d/56038.jpg"; VariantName = "[No Variations]"
Change component parameters (AddParameter): Name = "ComponentLink1URL"; Value = "http://static.tme.eu/products_pics/6/6/c/66cc5cd64257edd80ca8e9fd2040972d/56038.jpg"; VariantName = "[No Variations]"
Change component parameters (AddParameter): Name = "Manufacturer"; Value = "YAGEO"; VariantName = "[No Variations]"
Change component parameters (AddParameter): Name = "Manufacturer Part Number"; Value = "RC0805JR-07330RL"; VariantName = "[No Variations]"
Change component parameters (AddParameter): Name = "Max. operating voltage"; Value = "150V"; VariantName = "[No Variations]"
Change component parameters (AddParameter): Name = "Max. overload voltage"; Value = "300V"; VariantName = "[No Variations]"
Change component parameters (AddParameter): Name = "MinAmount"; Value = "100"; VariantName = "[No Variations]"
Change component parameters (AddParameter): Name = "Mounting"; Value = "SMD"; VariantName = "[No Variations]"
Change component parameters (AddParameter): Name = "Multiples"; Value = "100"; VariantName = "[No Variations]"
Change component parameters (AddParameter): Name = "Operating temperature"; Value = "-55...155°C"; VariantName = "[No Variations]"
Change component parameters (AddParameter): Name = "Power"; Value = "0.125W"; VariantName = "[No Variations]"
Change component parameters (AddParameter): Name = "Price Type"; Value = "NET"; VariantName = "[No Variations]"
Change component parameters (AddParameter): Name = "Pricing 1"; Value = "100=0.00553, 1000=0.00332, 5000=0.00109, 15000=0.001, 50000=0.00086 (EUR)"; VariantName = "[No Variations]"
Change component parameters (AddParameter): Name = "Resistance"; Value = "330O"; VariantName = "[No Variations]"
Change component parameters (AddParameter): Name = "Resistor type"; Value = "thick film"; VariantName = "[No Variations]"
Change component parameters (AddParameter): Name = "Stock 1"; Value = "0"; VariantName = "[No Variations]"
Change component parameters (AddParameter): Name = "SuppliedAmount"; Value = "0"; VariantName = "[No Variations]"
Change component parameters (AddParameter): Name = "Supplier 1"; Value = "TME"; VariantName = "[No Variations]"
Change component parameters (AddParameter): Name = "Supplier Part Number 1"; Value = "RC0805JR-07330R"; VariantName = "[No Variations]"
Change component parameters (AddParameter): Name = "Tolerance"; Value = "±5%"; VariantName = "[No Variations]"
Change component parameters (AddParameter): Name = "Unit"; Value = "pcs"; VariantName = "[No Variations]"
Change component parameters (AddParameter): Name = "Weight"; Value = "0.027"; VariantName = "[No Variations]"
Change component parameters: Designator = "R54" ("R54"); Footprint = "R 0805(2012)"; UniqueID = "\OCXSBQBR\UHXHAAGD" ("\OCXSBQBR\UHXHAAGD")
Change component parameters (AddParameter): Name = "Case"; Value = "0805"; VariantName = "[No Variations]"
Change component parameters (AddParameter): Name = "Category"; Value = "0805 SMD Resistors"; VariantName = "[No Variations]"
Change component parameters (AddParameter): Name = "ComponentLink1Description"; Value = "http://static.tme.eu/products_pics/6/6/c/66cc5cd64257edd80ca8e9fd2040972d/56038.jpg"; VariantName = "[No Variations]"
Change component parameters (AddParameter): Name = "ComponentLink1URL"; Value = "http://static.tme.eu/products_pics/6/6/c/66cc5cd64257edd80ca8e9fd2040972d/56038.jpg"; VariantName = "[No Variations]"
Change component parameters (AddParameter): Name = "Manufacturer"; Value = "YAGEO"; VariantName = "[No Variations]"
Change component parameters (AddParameter): Name = "Manufacturer Part Number"; Value = "RC0805JR-07330RL"; VariantName = "[No Variations]"
Change component parameters (AddParameter): Name = "Max. operating voltage"; Value = "150V"; VariantName = "[No Variations]"
Change component parameters (AddParameter): Name = "Max. overload voltage"; Value = "300V"; VariantName = "[No Variations]"
Change component parameters (AddParameter): Name = "MinAmount"; Value = "100"; VariantName = "[No Variations]"
Change component parameters (AddParameter): Name = "Mounting"; Value = "SMD"; VariantName = "[No Variations]"
Change component parameters (AddParameter): Name = "Multiples"; Value = "100"; VariantName = "[No Variations]"
Change component parameters (AddParameter): Name = "Operating temperature"; Value = "-55...155°C"; VariantName = "[No Variations]"
Change component parameters (AddParameter): Name = "Power"; Value = "0.125W"; VariantName = "[No Variations]"
Change component parameters (AddParameter): Name = "Price Type"; Value = "NET"; VariantName = "[No Variations]"
Change component parameters (AddParameter): Name = "Pricing 1"; Value = "100=0.00553, 1000=0.00332, 5000=0.00109, 15000=0.001, 50000=0.00086 (EUR)"; VariantName = "[No Variations]"
Change component parameters (AddParameter): Name = "Resistance"; Value = "330O"; VariantName = "[No Variations]"
Change component parameters (AddParameter): Name = "Resistor type"; Value = "thick film"; VariantName = "[No Variations]"
Change component parameters (AddParameter): Name = "Stock 1"; Value = "0"; VariantName = "[No Variations]"
Change component parameters (AddParameter): Name = "SuppliedAmount"; Value = "0"; VariantName = "[No Variations]"
Change component parameters (AddParameter): Name = "Supplier 1"; Value = "TME"; VariantName = "[No Variations]"
Change component parameters (AddParameter): Name = "Supplier Part Number 1"; Value = "RC0805JR-07330R"; VariantName = "[No Variations]"
Change component parameters (AddParameter): Name = "Tolerance"; Value = "±5%"; VariantName = "[No Variations]"
Change component parameters (AddParameter): Name = "Unit"; Value = "pcs"; VariantName = "[No Variations]"
Change component parameters (AddParameter): Name = "Weight"; Value = "0.027"; VariantName = "[No Variations]"
Change component parameters: Designator = "R65" ("R65"); Footprint = "R 0805(2012)"; UniqueID = "\LMBOJOMC\TMEAWMAG" ("\LMBOJOMC\TMEAWMAG")
Change component parameters (AddParameter): Name = "Case"; Value = "0805"; VariantName = "[No Variations]"
Change component parameters (AddParameter): Name = "Category"; Value = "0805 SMD Resistors"; VariantName = "[No Variations]"
Change component parameters (AddParameter): Name = "ComponentLink1Description"; Value = "http://static.tme.eu/products_pics/6/6/c/66cc5cd64257edd80ca8e9fd2040972d/56038.jpg"; VariantName = "[No Variations]"
Change component parameters (AddParameter): Name = "ComponentLink1URL"; Value = "http://static.tme.eu/products_pics/6/6/c/66cc5cd64257edd80ca8e9fd2040972d/56038.jpg"; VariantName = "[No Variations]"
Change component parameters (AddParameter): Name = "Manufacturer"; Value = "YAGEO"; VariantName = "[No Variations]"
Change component parameters (AddParameter): Name = "Manufacturer Part Number"; Value = "RC0805JR-07330RL"; VariantName = "[No Variations]"
Change component parameters (AddParameter): Name = "Max. operating voltage"; Value = "150V"; VariantName = "[No Variations]"
Change component parameters (AddParameter): Name = "Max. overload voltage"; Value = "300V"; VariantName = "[No Variations]"
Change component parameters (AddParameter): Name = "MinAmount"; Value = "100"; VariantName = "[No Variations]"
Change component parameters (AddParameter): Name = "Mounting"; Value = "SMD"; VariantName = "[No Variations]"
Change component parameters (AddParameter): Name = "Multiples"; Value = "100"; VariantName = "[No Variations]"
Change component parameters (AddParameter): Name = "Operating temperature"; Value = "-55...155°C"; VariantName = "[No Variations]"
Change component parameters (AddParameter): Name = "Power"; Value = "0.125W"; VariantName = "[No Variations]"
Change component parameters (AddParameter): Name = "Price Type"; Value = "NET"; VariantName = "[No Variations]"
Change component parameters (AddParameter): Name = "Pricing 1"; Value = "100=0.00553, 1000=0.00332, 5000=0.00109, 15000=0.001, 50000=0.00086 (EUR)"; VariantName = "[No Variations]"
Change component parameters (AddParameter): Name = "Resistance"; Value = "330O"; VariantName = "[No Variations]"
Change component parameters (AddParameter): Name = "Resistor type"; Value = "thick film"; VariantName = "[No Variations]"
Change component parameters (AddParameter): Name = "Stock 1"; Value = "0"; VariantName = "[No Variations]"
Change component parameters (AddParameter): Name = "SuppliedAmount"; Value = "0"; VariantName = "[No Variations]"
Change component parameters (AddParameter): Name = "Supplier 1"; Value = "TME"; VariantName = "[No Variations]"
Change component parameters (AddParameter): Name = "Supplier Part Number 1"; Value = "RC0805JR-07330R"; VariantName = "[No Variations]"
Change component parameters (AddParameter): Name = "Tolerance"; Value = "±5%"; VariantName = "[No Variations]"
Change component parameters (AddParameter): Name = "Unit"; Value = "pcs"; VariantName = "[No Variations]"
Change component parameters (AddParameter): Name = "Weight"; Value = "0.027"; VariantName = "[No Variations]"
Change component parameters: Designator = "R151" ("R151"); Footprint = "R 0805(2012)"; UniqueID = "\IDVCZODY\AWKFTEMZ" ("\IDVCZODY\AWKFTEMZ")
Change component parameters (AddParameter): Name = "Case"; Value = "0805"; VariantName = "[No Variations]"
Change component parameters (AddParameter): Name = "Category"; Value = "0805 SMD Resistors"; VariantName = "[No Variations]"
Change component parameters (AddParameter): Name = "ComponentLink1Description"; Value = "http://static.tme.eu/products_pics/6/6/c/66cc5cd64257edd80ca8e9fd2040972d/56038.jpg"; VariantName = "[No Variations]"
Change component parameters (AddParameter): Name = "ComponentLink1URL"; Value = "http://static.tme.eu/products_pics/6/6/c/66cc5cd64257edd80ca8e9fd2040972d/56038.jpg"; VariantName = "[No Variations]"
Change component parameters (AddParameter): Name = "Manufacturer"; Value = "YAGEO"; VariantName = "[No Variations]"
Change component parameters (AddParameter): Name = "Manufacturer Part Number"; Value = "RC0805JR-07330RL"; VariantName = "[No Variations]"
Change component parameters (AddParameter): Name = "Max. operating voltage"; Value = "150V"; VariantName = "[No Variations]"
Change component parameters (AddParameter): Name = "Max. overload voltage"; Value = "300V"; VariantName = "[No Variations]"
Change component parameters (AddParameter): Name = "MinAmount"; Value = "100"; VariantName = "[No Variations]"
Change component parameters (AddParameter): Name = "Mounting"; Value = "SMD"; VariantName = "[No Variations]"
Change component parameters (AddParameter): Name = "Multiples"; Value = "100"; VariantName = "[No Variations]"
Change component parameters (AddParameter): Name = "Operating temperature"; Value = "-55...155°C"; VariantName = "[No Variations]"
Change component parameters (AddParameter): Name = "Power"; Value = "0.125W"; VariantName = "[No Variations]"
Change component parameters (AddParameter): Name = "Price Type"; Value = "NET"; VariantName = "[No Variations]"
Change component parameters (AddParameter): Name = "Pricing 1"; Value = "100=0.00553, 1000=0.00332, 5000=0.00109, 15000=0.001, 50000=0.00086 (EUR)"; VariantName = "[No Variations]"
Change component parameters (AddParameter): Name = "Resistance"; Value = "330O"; VariantName = "[No Variations]"
Change component parameters (AddParameter): Name = "Resistor type"; Value = "thick film"; VariantName = "[No Variations]"
Change component parameters (AddParameter): Name = "Stock 1"; Value = "0"; VariantName = "[No Variations]"
Change component parameters (AddParameter): Name = "SuppliedAmount"; Value = "0"; VariantName = "[No Variations]"
Change component parameters (AddParameter): Name = "Supplier 1"; Value = "TME"; VariantName = "[No Variations]"
Change component parameters (AddParameter): Name = "Supplier Part Number 1"; Value = "RC0805JR-07330R"; VariantName = "[No Variations]"
Change component parameters (AddParameter): Name = "Tolerance"; Value = "±5%"; VariantName = "[No Variations]"
Change component parameters (AddParameter): Name = "Unit"; Value = "pcs"; VariantName = "[No Variations]"
Change component parameters (AddParameter): Name = "Weight"; Value = "0.027"; VariantName = "[No Variations]"
Change component parameters: Designator = "R152" ("R152"); Footprint = "R 0805(2012)"; UniqueID = "\IDVCZODY\FPDCLMJV" ("\IDVCZODY\FPDCLMJV")
Change component parameters (AddParameter): Name = "Case"; Value = "0805"; VariantName = "[No Variations]"
Change component parameters (AddParameter): Name = "Category"; Value = "0805 SMD Resistors"; VariantName = "[No Variations]"
Change component parameters (AddParameter): Name = "ComponentLink1Description"; Value = "http://static.tme.eu/products_pics/6/6/c/66cc5cd64257edd80ca8e9fd2040972d/56038.jpg"; VariantName = "[No Variations]"
Change component parameters (AddParameter): Name = "ComponentLink1URL"; Value = "http://static.tme.eu/products_pics/6/6/c/66cc5cd64257edd80ca8e9fd2040972d/56038.jpg"; VariantName = "[No Variations]"
Change component parameters (AddParameter): Name = "Manufacturer"; Value = "YAGEO"; VariantName = "[No Variations]"
Change component parameters (AddParameter): Name = "Manufacturer Part Number"; Value = "RC0805JR-07330RL"; VariantName = "[No Variations]"
Change component parameters (AddParameter): Name = "Max. operating voltage"; Value = "150V"; VariantName = "[No Variations]"
Change component parameters (AddParameter): Name = "Max. overload voltage"; Value = "300V"; VariantName = "[No Variations]"
Change component parameters (AddParameter): Name = "MinAmount"; Value = "100"; VariantName = "[No Variations]"
Change component parameters (AddParameter): Name = "Mounting"; Value = "SMD"; VariantName = "[No Variations]"
Change component parameters (AddParameter): Name = "Multiples"; Value = "100"; VariantName = "[No Variations]"
Change component parameters (AddParameter): Name = "Operating temperature"; Value = "-55...155°C"; VariantName = "[No Variations]"
Change component parameters (AddParameter): Name = "Power"; Value = "0.125W"; VariantName = "[No Variations]"
Change component parameters (AddParameter): Name = "Price Type"; Value = "NET"; VariantName = "[No Variations]"
Change component parameters (AddParameter): Name = "Pricing 1"; Value = "100=0.00553, 1000=0.00332, 5000=0.00109, 15000=0.001, 50000=0.00086 (EUR)"; VariantName = "[No Variations]"
Change component parameters (AddParameter): Name = "Resistance"; Value = "330O"; VariantName = "[No Variations]"
Change component parameters (AddParameter): Name = "Resistor type"; Value = "thick film"; VariantName = "[No Variations]"
Change component parameters (AddParameter): Name = "Stock 1"; Value = "0"; VariantName = "[No Variations]"
Change component parameters (AddParameter): Name = "SuppliedAmount"; Value = "0"; VariantName = "[No Variations]"
Change component parameters (AddParameter): Name = "Supplier 1"; Value = "TME"; VariantName = "[No Variations]"
Change component parameters (AddParameter): Name = "Supplier Part Number 1"; Value = "RC0805JR-07330R"; VariantName = "[No Variations]"
Change component parameters (AddParameter): Name = "Tolerance"; Value = "±5%"; VariantName = "[No Variations]"
Change component parameters (AddParameter): Name = "Unit"; Value = "pcs"; VariantName = "[No Variations]"
Change component parameters (AddParameter): Name = "Weight"; Value = "0.027"; VariantName = "[No Variations]"
Change component parameters: Designator = "R158" ("R158"); Footprint = "R 0805(2012)"; UniqueID = "\IDVCZODY\NJGWLXBY" ("\IDVCZODY\NJGWLXBY")
Change component parameters (AddParameter): Name = "Case"; Value = "0805"; VariantName = "[No Variations]"
Change component parameters (AddParameter): Name = "Category"; Value = "0805 SMD Resistors"; VariantName = "[No Variations]"
Change component parameters (AddParameter): Name = "ComponentLink1Description"; Value = "http://static.tme.eu/products_pics/6/6/c/66cc5cd64257edd80ca8e9fd2040972d/56038.jpg"; VariantName = "[No Variations]"
Change component parameters (AddParameter): Name = "ComponentLink1URL"; Value = "http://static.tme.eu/products_pics/6/6/c/66cc5cd64257edd80ca8e9fd2040972d/56038.jpg"; VariantName = "[No Variations]"
Change component parameters (AddParameter): Name = "Manufacturer"; Value = "YAGEO"; VariantName = "[No Variations]"
Change component parameters (AddParameter): Name = "Manufacturer Part Number"; Value = "RC0805JR-07330RL"; VariantName = "[No Variations]"
Change component parameters (AddParameter): Name = "Max. operating voltage"; Value = "150V"; VariantName = "[No Variations]"
Change component parameters (AddParameter): Name = "Max. overload voltage"; Value = "300V"; VariantName = "[No Variations]"
Change component parameters (AddParameter): Name = "MinAmount"; Value = "100"; VariantName = "[No Variations]"
Change component parameters (AddParameter): Name = "Mounting"; Value = "SMD"; VariantName = "[No Variations]"
Change component parameters (AddParameter): Name = "Multiples"; Value = "100"; VariantName = "[No Variations]"
Change component parameters (AddParameter): Name = "Operating temperature"; Value = "-55...155°C"; VariantName = "[No Variations]"
Change component parameters (AddParameter): Name = "Power"; Value = "0.125W"; VariantName = "[No Variations]"
Change component parameters (AddParameter): Name = "Price Type"; Value = "NET"; VariantName = "[No Variations]"
Change component parameters (AddParameter): Name = "Pricing 1"; Value = "100=0.00553, 1000=0.00332, 5000=0.00109, 15000=0.001, 50000=0.00086 (EUR)"; VariantName = "[No Variations]"
Change component parameters (AddParameter): Name = "Resistance"; Value = "330O"; VariantName = "[No Variations]"
Change component parameters (AddParameter): Name = "Resistor type"; Value = "thick film"; VariantName = "[No Variations]"
Change component parameters (AddParameter): Name = "Stock 1"; Value = "0"; VariantName = "[No Variations]"
Change component parameters (AddParameter): Name = "SuppliedAmount"; Value = "0"; VariantName = "[No Variations]"
Change component parameters (AddParameter): Name = "Supplier 1"; Value = "TME"; VariantName = "[No Variations]"
Change component parameters (AddParameter): Name = "Supplier Part Number 1"; Value = "RC0805JR-07330R"; VariantName = "[No Variations]"
Change component parameters (AddParameter): Name = "Tolerance"; Value = "±5%"; VariantName = "[No Variations]"
Change component parameters (AddParameter): Name = "Unit"; Value = "pcs"; VariantName = "[No Variations]"
Change component parameters (AddParameter): Name = "Weight"; Value = "0.027"; VariantName = "[No Variations]"
Change component parameters: Designator = "R159" ("R159"); Footprint = "R 0805(2012)"; UniqueID = "\IDVCZODY\AXUTQRZR" ("\IDVCZODY\AXUTQRZR")
Change component parameters (AddParameter): Name = "Case"; Value = "0805"; VariantName = "[No Variations]"
Change component parameters (AddParameter): Name = "Category"; Value = "0805 SMD Resistors"; VariantName = "[No Variations]"
Change component parameters (AddParameter): Name = "ComponentLink1Description"; Value = "http://static.tme.eu/products_pics/6/6/c/66cc5cd64257edd80ca8e9fd2040972d/56038.jpg"; VariantName = "[No Variations]"
Change component parameters (AddParameter): Name = "ComponentLink1URL"; Value = "http://static.tme.eu/products_pics/6/6/c/66cc5cd64257edd80ca8e9fd2040972d/56038.jpg"; VariantName = "[No Variations]"
Change component parameters (AddParameter): Name = "Manufacturer"; Value = "YAGEO"; VariantName = "[No Variations]"
Change component parameters (AddParameter): Name = "Manufacturer Part Number"; Value = "RC0805JR-07330RL"; VariantName = "[No Variations]"
Change component parameters (AddParameter): Name = "Max. operating voltage"; Value = "150V"; VariantName = "[No Variations]"
Change component parameters (AddParameter): Name = "Max. overload voltage"; Value = "300V"; VariantName = "[No Variations]"
Change component parameters (AddParameter): Name = "MinAmount"; Value = "100"; VariantName = "[No Variations]"
Change component parameters (AddParameter): Name = "Mounting"; Value = "SMD"; VariantName = "[No Variations]"
Change component parameters (AddParameter): Name = "Multiples"; Value = "100"; VariantName = "[No Variations]"
Change component parameters (AddParameter): Name = "Operating temperature"; Value = "-55...155°C"; VariantName = "[No Variations]"
Change component parameters (AddParameter): Name = "Power"; Value = "0.125W"; VariantName = "[No Variations]"
Change component parameters (AddParameter): Name = "Price Type"; Value = "NET"; VariantName = "[No Variations]"
Change component parameters (AddParameter): Name = "Pricing 1"; Value = "100=0.00553, 1000=0.00332, 5000=0.00109, 15000=0.001, 50000=0.00086 (EUR)"; VariantName = "[No Variations]"
Change component parameters (AddParameter): Name = "Resistance"; Value = "330O"; VariantName = "[No Variations]"
Change component parameters (AddParameter): Name = "Resistor type"; Value = "thick film"; VariantName = "[No Variations]"
Change component parameters (AddParameter): Name = "Stock 1"; Value = "0"; VariantName = "[No Variations]"
Change component parameters (AddParameter): Name = "SuppliedAmount"; Value = "0"; VariantName = "[No Variations]"
Change component parameters (AddParameter): Name = "Supplier 1"; Value = "TME"; VariantName = "[No Variations]"
Change component parameters (AddParameter): Name = "Supplier Part Number 1"; Value = "RC0805JR-07330R"; VariantName = "[No Variations]"
Change component parameters (AddParameter): Name = "Tolerance"; Value = "±5%"; VariantName = "[No Variations]"
Change component parameters (AddParameter): Name = "Unit"; Value = "pcs"; VariantName = "[No Variations]"
Change component parameters (AddParameter): Name = "Weight"; Value = "0.027"; VariantName = "[No Variations]"
Change Net Name : Old Net Name=Carrousel 1 -_9 New Net Name=Carrousel 1 -_8
Change Net Name : Old Net Name=Carrousel 2 -_9 New Net Name=Carrousel 2 -_8
Change Net Name : Old Net Name=Carrousel 3 -_9 New Net Name=Carrousel 3 -_8
Change Net Name : Old Net Name=Carrousel +_9 New Net Name=Carrousel +_8
Change Net Name : Old Net Name=Trappe 1 +_9 New Net Name=Trappe 1 +_8
Change Net Name : Old Net Name=Trappe 1 -_9 New Net Name=Trappe 1 -_8
Change Net Name : Old Net Name=Trappe 2 +_9 New Net Name=Trappe 2 +_8
Change Net Name : Old Net Name=Trappe 2 -_9 New Net Name=Trappe 2 -_8
Change Net Name : Old Net Name=Trappe 3 +_9 New Net Name=Trappe 3 +_8
Change Net Name : Old Net Name=Trappe 3 -_9 New Net Name=Trappe 3 -_8
Change Net Color : Old Net Color=RGB(158, 161, 117) New Net Color=RGB(255, 110, 110)
Change Net Color : Old Net Color=RGB(158, 161, 117) New Net Color=RGB(110, 110, 255)
Change Net Color : Old Net Color=RGB(158, 161, 117) New Net Color=RGB(110, 110, 255)
Change Net Color : Old Net Color=RGB(158, 161, 117) New Net Color=RGB(110, 110, 255)
Change Net Color : Old Net Color=RGB(158, 161, 117) New Net Color=RGB(255, 110, 110)
Change Net Color : Old Net Color=RGB(110, 110, 255) New Net Color=Default
