Change Component Footprint: Designator=Q1 Old Footprint=TO252 New Footprint=DPACK-3
Change component parameters: Designator = "L1" ("L1"); Footprint = "Dr DBS-135"; UniqueID = "\TUAHAEUC" ("\TUAHAEUC")
Change component parameters (AddParameter): Name = "ComponentLink1Description"; Value = "Datasheet link"; VariantName = "[No Variations]"
Change component parameters (AddParameter): Name = "ComponentLink1URL"; Value = "https://store.comet.bg/download-file.php?id=442"; VariantName = "[No Variations]"
Change component parameters (AddParameter): Name = "DCR"; Value = "0.2?"; VariantName = "[No Variations]"
Change component parameters (AddParameter): Name = "Idc - 40°C"; Value = "1.5A"; VariantName = "[No Variations]"
Change component parameters (AddParameter): Name = "Ind"; Value = "68u"; VariantName = "[No Variations]"
Change component parameters (AddParameter): Name = "Irms"; Value = ""; VariantName = "[No Variations]"
Change component parameters (AddParameter): Name = "Isat"; Value = "1.4A/L 90%"; VariantName = "[No Variations]"
Change component parameters (AddParameter): Name = "Manufacturer"; Value = ""; VariantName = "[No Variations]"
Change component parameters (AddParameter): Name = "Manufacturer Alternate"; Value = ""; VariantName = "[No Variations]"
Change component parameters (AddParameter): Name = "Material"; Value = "Ferrite"; VariantName = "[No Variations]"
Change component parameters (AddParameter): Name = "Mount Type"; Value = "SMT"; VariantName = "[No Variations]"
Change component parameters (AddParameter): Name = "Package"; Value = "DBS135"; VariantName = "[No Variations]"
Change component parameters (AddParameter): Name = "Package-mm"; Value = "12.8x9.3x5.4mm"; VariantName = "[No Variations]"
Change component parameters (AddParameter): Name = "Part Number"; Value = ""; VariantName = "[No Variations]"
Change component parameters (AddParameter): Name = "Part Number Alternate"; Value = ""; VariantName = "[No Variations]"
Change component parameters (AddParameter): Name = "Price"; Value = "0.85"; VariantName = "[No Variations]"
Change component parameters (AddParameter): Name = "Published"; Value = "07.04.2019"; VariantName = "[No Variations]"
Change component parameters (AddParameter): Name = "Publisher"; Value = "Hefest"; VariantName = "[No Variations]"
Change component parameters (AddParameter): Name = "RoHS"; Value = "Y"; VariantName = "[No Variations]"
Change component parameters (AddParameter): Name = "S.R.F."; Value = "9MHz"; VariantName = "[No Variations]"
Change component parameters (AddParameter): Name = "Supplier 1"; Value = "Comet"; VariantName = "[No Variations]"
Change component parameters (AddParameter): Name = "Supplier 2"; Value = ""; VariantName = "[No Variations]"
Change component parameters (AddParameter): Name = "Supplier 3"; Value = ""; VariantName = "[No Variations]"
Change component parameters (AddParameter): Name = "Supplier Part Number 1"; Value = "CL68uH DBS135"; VariantName = "[No Variations]"
Change component parameters (AddParameter): Name = "Supplier Part Number 2"; Value = ""; VariantName = "[No Variations]"
Change component parameters (AddParameter): Name = "Supplier Part Number 3"; Value = ""; VariantName = "[No Variations]"
Change component parameters (AddParameter): Name = "Technology"; Value = "Power"; VariantName = "[No Variations]"
Change component parameters (AddParameter): Name = "Temperature Range"; Value = "-55°C ~ +155°C"; VariantName = "[No Variations]"
Change component parameters (AddParameter): Name = "Tolerance %"; Value = " ±20%"; VariantName = "[No Variations]"
Change component parameters (AddParameter): Name = "TYPE"; Value = "Inductors"; VariantName = "[No Variations]"
Change component parameters (AddParameter): Name = "Value"; Value = "68u"; VariantName = "[No Variations]"
Change component parameters (AddParameter): Name = "Value1"; Value = ""; VariantName = "[No Variations]"
Change component parameters (AddParameter): Name = "Value2"; Value = ""; VariantName = "[No Variations]"
Change component parameters (AddParameter): Name = "Ztyp@1GHz"; Value = "* ?"; VariantName = "[No Variations]"
Change component parameters (AddParameter): Name = "ZTyp@100MHz"; Value = "* ?"; VariantName = "[No Variations]"
Change component parameters: Designator = "L2" ("L2"); Footprint = "Dr DBS-135"; UniqueID = "\KORXFXVT" ("\KORXFXVT")
Change component parameters (AddParameter): Name = "ComponentLink1Description"; Value = "Datasheet link"; VariantName = "[No Variations]"
Change component parameters (AddParameter): Name = "ComponentLink1URL"; Value = "https://store.comet.bg/download-file.php?id=442"; VariantName = "[No Variations]"
Change component parameters (AddParameter): Name = "DCR"; Value = "0.2?"; VariantName = "[No Variations]"
Change component parameters (AddParameter): Name = "Idc - 40°C"; Value = "1.5A"; VariantName = "[No Variations]"
Change component parameters (AddParameter): Name = "Ind"; Value = "68u"; VariantName = "[No Variations]"
Change component parameters (AddParameter): Name = "Irms"; Value = ""; VariantName = "[No Variations]"
Change component parameters (AddParameter): Name = "Isat"; Value = "1.4A/L 90%"; VariantName = "[No Variations]"
Change component parameters (AddParameter): Name = "Manufacturer"; Value = ""; VariantName = "[No Variations]"
Change component parameters (AddParameter): Name = "Manufacturer Alternate"; Value = ""; VariantName = "[No Variations]"
Change component parameters (AddParameter): Name = "Material"; Value = "Ferrite"; VariantName = "[No Variations]"
Change component parameters (AddParameter): Name = "Mount Type"; Value = "SMT"; VariantName = "[No Variations]"
Change component parameters (AddParameter): Name = "Package"; Value = "DBS135"; VariantName = "[No Variations]"
Change component parameters (AddParameter): Name = "Package-mm"; Value = "12.8x9.3x5.4mm"; VariantName = "[No Variations]"
Change component parameters (AddParameter): Name = "Part Number"; Value = ""; VariantName = "[No Variations]"
Change component parameters (AddParameter): Name = "Part Number Alternate"; Value = ""; VariantName = "[No Variations]"
Change component parameters (AddParameter): Name = "Price"; Value = "0.85"; VariantName = "[No Variations]"
Change component parameters (AddParameter): Name = "Published"; Value = "07.04.2019"; VariantName = "[No Variations]"
Change component parameters (AddParameter): Name = "Publisher"; Value = "Hefest"; VariantName = "[No Variations]"
Change component parameters (AddParameter): Name = "RoHS"; Value = "Y"; VariantName = "[No Variations]"
Change component parameters (AddParameter): Name = "S.R.F."; Value = "9MHz"; VariantName = "[No Variations]"
Change component parameters (AddParameter): Name = "Supplier 1"; Value = "Comet"; VariantName = "[No Variations]"
Change component parameters (AddParameter): Name = "Supplier 2"; Value = ""; VariantName = "[No Variations]"
Change component parameters (AddParameter): Name = "Supplier 3"; Value = ""; VariantName = "[No Variations]"
Change component parameters (AddParameter): Name = "Supplier Part Number 1"; Value = "CL68uH DBS135"; VariantName = "[No Variations]"
Change component parameters (AddParameter): Name = "Supplier Part Number 2"; Value = ""; VariantName = "[No Variations]"
Change component parameters (AddParameter): Name = "Supplier Part Number 3"; Value = ""; VariantName = "[No Variations]"
Change component parameters (AddParameter): Name = "Technology"; Value = "Power"; VariantName = "[No Variations]"
Change component parameters (AddParameter): Name = "Temperature Range"; Value = "-55°C ~ +155°C"; VariantName = "[No Variations]"
Change component parameters (AddParameter): Name = "Tolerance %"; Value = " ±20%"; VariantName = "[No Variations]"
Change component parameters (AddParameter): Name = "TYPE"; Value = "Inductors"; VariantName = "[No Variations]"
Change component parameters (AddParameter): Name = "Value"; Value = "68u"; VariantName = "[No Variations]"
Change component parameters (AddParameter): Name = "Value1"; Value = ""; VariantName = "[No Variations]"
Change component parameters (AddParameter): Name = "Value2"; Value = ""; VariantName = "[No Variations]"
Change component parameters (AddParameter): Name = "Ztyp@1GHz"; Value = "* ?"; VariantName = "[No Variations]"
Change component parameters (AddParameter): Name = "ZTyp@100MHz"; Value = "* ?"; VariantName = "[No Variations]"
Added Pin To Net: NetName=+24 Pin=Q1-4
