Added Component: Designator=C1(C 0805(2012)x0.65)
Add component (AddParameter): Name = "ComponentLink1Description"; Value = "http://www.farnell.com/datasheets/1520827.pdf"; VariantName = "[No Variations]"
Add component (AddParameter): Name = "ComponentLink1URL"; Value = "http://www.farnell.com/datasheets/1520827.pdf"; VariantName = "[No Variations]"
Add component (AddParameter): Name = "Manufacturer"; Value = "MULTICOMP"; VariantName = "[No Variations]"
Add component (AddParameter): Name = "Manufacturer Part Number"; Value = "MCCA000296"; VariantName = "[No Variations]"
Add component (AddParameter): Name = "Pricing 1"; Value = "100=0,01, 500=0,008, 1000=0,006, 4000=0,005 (EUR)"; VariantName = "[No Variations]"
Add component (AddParameter): Name = "Supplier 1"; Value = "Farnell"; VariantName = "[No Variations]"
Add component (AddParameter): Name = "Supplier Part Number 1"; Value = "1759167"; VariantName = "[No Variations]"
Added Component: Designator=C2(C 0805(2012)x0.65)
Add component (AddParameter): Name = "ComponentLink1Description"; Value = "http://www.farnell.com/datasheets/1520827.pdf"; VariantName = "[No Variations]"
Add component (AddParameter): Name = "ComponentLink1URL"; Value = "http://www.farnell.com/datasheets/1520827.pdf"; VariantName = "[No Variations]"
Add component (AddParameter): Name = "Manufacturer"; Value = "MULTICOMP"; VariantName = "[No Variations]"
Add component (AddParameter): Name = "Manufacturer Part Number"; Value = "MCCA000296"; VariantName = "[No Variations]"
Add component (AddParameter): Name = "Pricing 1"; Value = "100=0,01, 500=0,008, 1000=0,006, 4000=0,005 (EUR)"; VariantName = "[No Variations]"
Add component (AddParameter): Name = "Supplier 1"; Value = "Farnell"; VariantName = "[No Variations]"
Add component (AddParameter): Name = "Supplier Part Number 1"; Value = "1759167"; VariantName = "[No Variations]"
Added Component: Designator=C3(C 0805(2012)x0.65)
Add component (AddParameter): Name = "ComponentLink1Description"; Value = "http://www.farnell.com/datasheets/1520827.pdf"; VariantName = "[No Variations]"
Add component (AddParameter): Name = "ComponentLink1URL"; Value = "http://www.farnell.com/datasheets/1520827.pdf"; VariantName = "[No Variations]"
Add component (AddParameter): Name = "Manufacturer"; Value = "MULTICOMP"; VariantName = "[No Variations]"
Add component (AddParameter): Name = "Manufacturer Part Number"; Value = "MCCA000296"; VariantName = "[No Variations]"
Add component (AddParameter): Name = "Pricing 1"; Value = "100=0,01, 500=0,008, 1000=0,006, 4000=0,005 (EUR)"; VariantName = "[No Variations]"
Add component (AddParameter): Name = "Supplier 1"; Value = "Farnell"; VariantName = "[No Variations]"
Add component (AddParameter): Name = "Supplier Part Number 1"; Value = "1759167"; VariantName = "[No Variations]"
Added Component: Designator=C4(C 0805(2012)x0.65)
Add component (AddParameter): Name = "ComponentLink1Description"; Value = "http://www.farnell.com/datasheets/1520827.pdf"; VariantName = "[No Variations]"
Add component (AddParameter): Name = "ComponentLink1URL"; Value = "http://www.farnell.com/datasheets/1520827.pdf"; VariantName = "[No Variations]"
Add component (AddParameter): Name = "Manufacturer"; Value = "MULTICOMP"; VariantName = "[No Variations]"
Add component (AddParameter): Name = "Manufacturer Part Number"; Value = "MCCA000296"; VariantName = "[No Variations]"
Add component (AddParameter): Name = "Pricing 1"; Value = "100=0,01, 500=0,008, 1000=0,006, 4000=0,005 (EUR)"; VariantName = "[No Variations]"
Add component (AddParameter): Name = "Supplier 1"; Value = "Farnell"; VariantName = "[No Variations]"
Add component (AddParameter): Name = "Supplier Part Number 1"; Value = "1759167"; VariantName = "[No Variations]"
Added Component: Designator=L1(SELF 1207)
Added Component: Designator=L2(SELF 1207)
Added Component: Designator=P1(CO3P508 - 2)
Add component (AddParameter): Name = "ComponentLink1Description"; Value = "http://www.farnell.com/cad/1652960.pdf"; VariantName = "[No Variations]"
Add component (AddParameter): Name = "ComponentLink1URL"; Value = "http://www.farnell.com/cad/1652960.pdf"; VariantName = "[No Variations]"
Add component (AddParameter): Name = "ComponentLink2Description"; Value = "http://www.farnell.com/datasheets/1650926.pdf"; VariantName = "[No Variations]"
Add component (AddParameter): Name = "ComponentLink2URL"; Value = "http://www.farnell.com/datasheets/1650926.pdf"; VariantName = "[No Variations]"
Add component (AddParameter): Name = "LatestRevisionDate"; Value = "17-Jul-2002"; VariantName = "[No Variations]"
Add component (AddParameter): Name = "LatestRevisionNote"; Value = "Re-released for DXP Platform."; VariantName = "[No Variations]"
Add component (AddParameter): Name = "Manufacturer"; Value = "TE CONNECTIVITY / BUCHANAN"; VariantName = "[No Variations]"
Add component (AddParameter): Name = "Manufacturer Part Number"; Value = "796636-3"; VariantName = "[No Variations]"
Add component (AddParameter): Name = "Pricing 1"; Value = "10=0,68, 100=0,51, 500=0,43, 1000=0,36, 2000=0,35, 5000=0,33 (EUR)"; VariantName = "[No Variations]"
Add component (AddParameter): Name = "Publisher"; Value = "Altium Limited"; VariantName = "[No Variations]"
Add component (AddParameter): Name = "RoHS"; Value = "YES"; VariantName = "[No Variations]"
Add component (AddParameter): Name = "Supplier 1"; Value = "Farnell"; VariantName = "[No Variations]"
Add component (AddParameter): Name = "Supplier Part Number 1"; Value = "2059780"; VariantName = "[No Variations]"
Added Component: Designator=P2(tp)
Added Component: Designator=P3(tp)
Added Pin To Net: NetName=NetC1_1 Pin=C1-1
Added Pin To Net: NetName=NetC1_1 Pin=C4-2
Added Pin To Net: NetName=NetC1_1 Pin=P1-2
Added Net: Name=NetC1_1
Added Pin To Net: NetName=NetC1_2 Pin=C1-2
Added Pin To Net: NetName=NetC1_2 Pin=C3-2
Added Pin To Net: NetName=NetC1_2 Pin=L1-2
Added Pin To Net: NetName=NetC1_2 Pin=P1-1
Added Net: Name=NetC1_2
Added Pin To Net: NetName=NetC2_1 Pin=C2-1
Added Pin To Net: NetName=NetC2_1 Pin=L2-1
Added Pin To Net: NetName=NetC2_1 Pin=P3-1
Added Net: Name=NetC2_1
Added Pin To Net: NetName=NetC2_2 Pin=C2-2
Added Pin To Net: NetName=NetC2_2 Pin=L1-1
Added Pin To Net: NetName=NetC2_2 Pin=P2-1
Added Net: Name=NetC2_2
Added Pin To Net: NetName=NetC3_1 Pin=C3-1
Added Pin To Net: NetName=NetC3_1 Pin=C4-1
Added Pin To Net: NetName=NetC3_1 Pin=L2-2
Added Pin To Net: NetName=NetC3_1 Pin=P1-3
Added Net: Name=NetC3_1
Added Class: Name=FILTRE MOTEUR
